<xml>
<Thread THREAD_SEQUENCE="Q858529">
<RelQuestion RELQ_CATEGORY="Висше образование" RELQ_DATE="2000-01-01 01:01:01" RELQ_ID="Q858529" RELQ_USERID="U497695" RELQ_USERNAME="U497695">
<RelQSubject>ТУ (София) или СУ ? Различни специалности и няколко въпросчета </RelQSubject>
<RelQBody>Здравейте,имам няколко въпроса относно двата вуз-а. Кандидатствах с математика,но за СУ успеха не ми стигна за първо желание ( въпреки,че не са излезли резултати още,аз си знам) . И така,по същество : приета съм компютърно и софтуерно инженерство в ТУ и най-вероятно информатика СУ,но съм пред дилема. Според мен в ТУ специалността ми е по-хубава,но пък СУ е уж по елитен университет,също така чух и много различни мнения от рода на: ''в СУ вадиш хубави оценки,но не научаваш нищо'' или '' в ТУ ще учиш много излишни неща,но пък ще имаш знания за бъдещата ти работа ( дай боже) '' и т.н. Та, бих се радвала да споделите кое според вас е по-добре и ще се радвам много на мнения от хора,които са запознати отблизо с университетите ( т.е. са учили там или децата им учат там) . Благодаря ви !  [smilie=smile3525.gif]</RelQBody>
</RelQuestion>
<RelComment RELC_DATE="2000-01-01 01:01:01" RELC_ID="Q858529_C1" RELC_RELEVANCE2RELQ="Good" RELC_USERID="U93235" RELC_USERNAME="U93235">
<RelCText>Ако очакваш в университета да те научат как се пише софтуер, ще бъдеш много разочарована. Ще получиш основата, и на двете места. Работила съм с хора и от СУ и от ТУ, всичко зависи от това до каква степен съответния човек е бил мотивиран да се развива сам, извън университета и кога е започнал да работи това, което учи. В началото като трейни, после като джуниър и т.н. <br/>Не знам кой ти е казвал, че в СУ се вадят хубави оценки просто така ... хубави оценки имат тези, които са си научили, за да ги имат.<br/><br/>И за да не съм голословна, преди години бях пред същия избор като теб, избрах СУ, не съжалявам. Но нямаше да сбъркам ако бях избрала и ТУ. <br/>Успех!</RelCText>
</RelComment>
<RelComment RELC_DATE="2000-01-01 01:01:01" RELC_ID="Q858529_C2" RELC_RELEVANCE2RELQ="Good" RELC_USERID="U508287" RELC_USERNAME="U508287">
<RelCText>Двата Вуза са от един клас.Обучението е съизмеримо.Специалностите са модерни.Как ти ще се реализираш зависи от тоята мотивация и късмет,не на последно място.<br/>Започни,ако вече не си, да градиш професионална биография,за да може след 4 години като търсиш работа ,да не си без"опит".Курсове,обучения,стажове ,състезания,такива дейности.<br/>Избери този ВУЗ,който ти сочи интуицията.<br/></RelCText>
</RelComment>
<RelComment RELC_DATE="2000-01-01 01:01:01" RELC_ID="Q858529_C3" RELC_RELEVANCE2RELQ="Good" RELC_USERID="U288871" RELC_USERNAME="U288871">
<RelCText>Учебните планове за сходни специалности в СУ и ТУ се различават доста, те са и  в различен клас съгласно класификатора на областите на висше образование и професионални направления. <br/><br/>С други думи в ТУ завършваш инженер, а за да станеш такъв учиш доста математики, физика, химия, металознание и куп други такива, нямащи нищо общо с програмирането [url=http://cs.tu-sofia.bg/userfiles/Bakalavri_UchebniPlanove/2014_UPlan-FKSU-BCSE-1-BG.pdf]http://cs.tu-sofia.bg/userfiles/Bakalavri_UchebniPlanove/2014_UPlan-FKSU-BCSE-1-BG.pdf[/url] .<br/>В ТУ държат много на дисциплината и пишат отсъствия, после правят проблем при заверки.<br/><br/>Синът ми също кандидатства тази година. Той не е имал грам колебание относно университета - СУ, за специалности обаче доста се чуди и в последния ден за подаване на документи записа какво иска. <br/>Изискванията му бяха - по-малко математика и повече програмиране.  :lol: <br/>ТУ не е разглеждал като вариант (Брат му беше избрал ТУ заради КСТ с немски, но после записа нещо съвсем различно), може би защото всичките му познати, занимаващи се с програмиране учат в СУ.<br/></RelCText>
</RelComment>
<RelComment RELC_DATE="2000-01-01 01:01:01" RELC_ID="Q858529_C4" RELC_RELEVANCE2RELQ="Good" RELC_USERID="U505377" RELC_USERNAME="U505377">
<RelCText>Здравейте,<br/> като цяло  СУ може би е по-добър университет и по-престижен, но материалната база, учителите и обучението относно компютърните науки е светлинни години по-добре в ТУ. ТУ е специализиран университет относно инженерни и компютърни науки, докато СУ е предимно с хуманитарни, което само по себе си говори защо се получава такова разминаване.<br/>Аз съм студентка в ТУ, уча нещо съвсем различно, но пак съм доволна.Имам и доста познати, които учат при мен КСТ и др подобни специалности, учи се много, трудно се взимат изпити, но знаеш накрая, дипломата ти е заслужена. :) </RelCText>
</RelComment>
<RelComment RELC_DATE="2000-01-01 01:01:01" RELC_ID="Q858529_C5" RELC_RELEVANCE2RELQ="Good" RELC_USERID="U515977" RELC_USERNAME="U515977">
<RelCText>Според мен ТУ си е най-добрият университет за тази специалност. Имам познати там и са много доволни, макар че ако не си сериозен и не ти се отдава може и да не изкараш.</RelCText>
</RelComment>
</Thread>
<Thread THREAD_SEQUENCE="Q859020">
<RelQuestion RELQ_CATEGORY="Семейни отношения" RELQ_DATE="2000-01-01 01:01:01" RELQ_ID="Q859020" RELQ_USERID="U517305" RELQ_USERNAME="U517305">
<RelQSubject>Въпрос за наследство, когато не познавам покойника</RelQSubject>
<RelQBody>Здравейте, <br/><br/>искам да попитам, ако някой се е сблъсквал с подобно нещо... <br/><br/>Единствен наследник съм на жена, която не познавам реално (роднини сме, но никога не сме имали отношения). Тя не е оставила завещание или други наследници.<br/><br/>Имоти и кредити няма. Има личен автомобил, който май е снет от отчет и не е ясно къде е. <br/><br/>Знам, че имам опцията да откажа наследството или да го приема по опис, но сега идва въпросът: ако искам да проверя какво евентуално може да е имала, какво да правя? Идеята е, че преди да почине е "продала" всичкото си имущество на въпросните хора, т.е. аз за тези неща няма как да се боря, но щом е имало (немалки) продажби, то има шанс да има и някакви активи. <br/><br/>Какво следва оттук? Какви активи и пасиви мога да онаследя... досега съм проверила в кредитен регистър, агенцията по вписванията (за нейната община) , кат и банките. <br/><br/>Има ли други институции, където трябва да се правят някакви проверки или от които да очаквам изненади? Примерно данъчните? НАП?  Има ли как да проверя дали е имала някакви застраховки примерно? Някакви други активи освен имоти и сметки сещате ли се? Ако има някакво значение, млада е, самоосигуряваща се, не е пенсионер, не е и на трудов договор. Мисля, че се е водила на "свободна професия". <br/><br/>Идеята е, че хората, при които е живяла не желаят да разговарят с мен, камо ли да ме допуснат до вещите &#1117;, че да търся някакви документи или подобни... няма и кой да ми даде информация, т.е. всичко трябва да проверя сама и ако приема наследството се притеснявам, да не си навлека белята...<br/><br/></RelQBody>
</RelQuestion>
<RelComment RELC_DATE="2000-01-01 01:01:01" RELC_ID="Q859020_C1" RELC_RELEVANCE2RELQ="Bad" RELC_USERID="U18136" RELC_USERNAME="U18136">
<RelCText>Откъде знаеш, че си единствен наследник? Щом е починала млада, няма ли родители?</RelCText>
</RelComment>
<RelComment RELC_DATE="2000-01-01 01:01:01" RELC_ID="Q859020_C2" RELC_RELEVANCE2RELQ="Bad" RELC_USERID="U517305" RELC_USERNAME="U517305">
<RelCText>[quote author=Сирена link=topic=859020.msg31228373#msg31228373 date=1437014110]<br/>Откъде знаеш, че си единствен наследник? Щом е починала млада, няма ли родители?<br/>[/quote]<br/><br/>Не, починали са. Имам удостоверение за наследници, в което фигурирам само аз. </RelCText>
</RelComment>
<RelComment RELC_DATE="2000-01-01 01:01:01" RELC_ID="Q859020_C3" RELC_RELEVANCE2RELQ="Bad" RELC_USERID="U517162" RELC_USERNAME="U517162">
<RelCText> newsm78 Сложна ситуация... </RelCText>
</RelComment>
<RelComment RELC_DATE="2000-01-01 01:01:01" RELC_ID="Q859020_C4" RELC_RELEVANCE2RELQ="Good" RELC_USERID="U517162" RELC_USERNAME="U517162">
<RelCText>Сигурно й знаеш ЕГН-то, щом вече си проверявала, та с ЕГН-то можеш на една каса за МДТ да поискаш да ти извадят справка, за дължимите от нея данъци и такси към общината, където е живяла /под предлог, че си й наследник и искаш да си направиш сметката, за да й ги платиш - това, само в случай, че те питат или попаднеш на нелюбезен служител/... От тази справка ще видиш и дали има имоти, както и от Имотния регистър... В НАП можеш да извадиш Удостоверение за наличие или липса на задължения, но ще стане по-трудно - обади се на националния тел. за информация, обясни какъв е случая и те ще ти кажат какво да направиш - най-вероятно ще ти трябва Удостоверение за наследници и Смъртен Акт... /с ЕГН-то можеш да видиш от сайта на НАП Справка за здравното осигуряване - обикновено, ако има неплатени здравни - ще има и неплатени социални осигуровки и данъци, но това не ти дава 100% сигурност.../ И ако си струва, най-добре се обърни към адвокат или нотариус, те имат способи да открият всякаква информация - защото на тези не им е чиста работата щом не искат контакти с теб - може и продажбите да не са в ред...</RelCText>
</RelComment>
<RelComment RELC_DATE="2000-01-01 01:01:01" RELC_ID="Q859020_C5" RELC_RELEVANCE2RELQ="Bad" RELC_USERID="U517305" RELC_USERNAME="U517305">
<RelCText>Сърдечно благодаря за идеите, много полезно!<br/><br/>Другата седмица ще се консултирам и с адвокат, просто ми се искаше да свърша максимално много справки преди това, за да имам по-ясна представа, като ида на консултация.<br/><br/>Да, всички документи, смъртен акт, удостоверение за наследници, копие от лична карта и т.н. са в мен, тъй като слава богу отказали на тия да им ги връчат (преписа от акта и копието от лк), поради липса на родство, то иначе сигурно нямаше и да ме уведомят за случая. С преписа проверих дали съм единствен наследник в ГРАО и впоследствие ми издадоха и удостоверението за наследници. <br/><br/>Това с данъчните и НАП са прекрасни идеи, още утре се засилвам, здравните вече проверих (липсват за последните няколко месеца, но иначе са непрекъснати). <br/><br/>Че работата с имотите не е чиста е ясно. Тя умира от генетично, хронично заболяване и е била наясно накъде отиват нещата, сделките са сключени буквално няма и месец преди смъртта. Но всичко е покупко-продажба, не е дарение или договор за гледане (освен ако това с договора за гледане не излиза пак като покупко-продажба, де), така че не виждам вариант да ги оспорвам, щото за такова нещо ще трябват документи, свидетели, а аз имам само една гола справка за вписванията... <br/><br/></RelCText>
</RelComment>
</Thread>
<Thread THREAD_SEQUENCE="Q859401">
<RelQuestion RELQ_CATEGORY="Клюкарник" RELQ_DATE="2000-01-01 01:01:01" RELQ_ID="Q859401" RELQ_USERID="U517436" RELQ_USERNAME="U517436">
<RelQSubject>Пътуване с влак - Въпрос</RelQSubject>
<RelQBody>Здравейте, след няколко дена ще пътувам с един приятел от Русе до Пловдив, мислим да бъде с нощния влак в двете посоки. Имаме ученически карти които ни дават 50% отстъпка, тя важи ли при двупосочен билет? И последен въпрос, тъй като нощния влак е с прикачване в София възможно ли е да останем за няколко часа да се разходим и да хванем някой от следващите влакове в обратната посока?</RelQBody>
</RelQuestion>
<RelComment RELC_DATE="2000-01-01 01:01:01" RELC_ID="Q859401_C1" RELC_RELEVANCE2RELQ="Good" RELC_USERID="U455689" RELC_USERNAME="U455689">
<RelCText>Отстъпката важи.<br/>За да хванете друг влак, ще трябва да имате няколко билета - един до София и после да си купите друг от София до нз си къде. Няма как да стане с 1 двупосочен билет, да си хващате който влак ви падне, трябва да е този, който е писан с прекачването.</RelCText>
</RelComment>
<RelComment RELC_DATE="2000-01-01 01:01:01" RELC_ID="Q859401_C2" RELC_RELEVANCE2RELQ="Bad" RELC_USERID="U517436" RELC_USERNAME="U517436">
<RelCText>[quote author=**Sisi** link=topic=859401.msg31238813#msg31238813 date=1437142521]<br/>Отстъпката важи.<br/>За да хванете друг влак, ще трябва да имате няколко билета - един до София и после да си купите друг от София до нз си къде. Няма как да стане с 1 двупосочен билет, да си хващате който влак ви падне, трябва да е този, който е писан с прекачването.<br/>[/quote]<br/><br/>Благодаря за наистина бързия отговор! Досега не съм ползвал картата и не знаех дали има отстъпка при двупосочните. За връщането няма да се разходим с София.</RelCText>
</RelComment>
<RelComment RELC_DATE="2000-01-01 01:01:01" RELC_ID="Q859401_C3" RELC_RELEVANCE2RELQ="Bad" RELC_USERID="U474449" RELC_USERNAME="U474449">
<RelCText>Не съм сигурен дали ученическите карти се зачитат при пътуване по по-дълги маршрути.<br/>Попитайте за по-сигурно, аз мисля, че не. </RelCText>
</RelComment>
<RelComment RELC_DATE="2000-01-01 01:01:01" RELC_ID="Q859401_C4" RELC_RELEVANCE2RELQ="Bad" RELC_USERID="U517436" RELC_USERNAME="U517436">
<RelCText>[quote author=Анонимен link=topic=859401.msg31238875#msg31238875 date=1437143098]<br/>Не съм сигурен дали ученическите карти се зачитат при пътуване по по-дълги маршрути.<br/>Попитайте за по-сигурно, аз мисля, че не. <br/>[/quote]<br/><br/>Еми утре ще им се обадя, че тези дни няма как да отида до гарата.</RelCText>
</RelComment>
<RelComment RELC_DATE="2000-01-01 01:01:01" RELC_ID="Q859401_C5" RELC_RELEVANCE2RELQ="Bad" RELC_USERID="U299629" RELC_USERNAME="U299629">
<RelCText>Зачитат се и още как.Студентските и ученическите намаления са из цяла България,независимо накъде и колко ще пътувате.Като студентка пътувах От Попово до Свищов и Плевен и обратно с намалението без някой да ми направи на въпрос.</RelCText>
</RelComment>
</Thread>
<Thread THREAD_SEQUENCE="Q860315">
<RelQuestion RELQ_CATEGORY="Красива мама" RELQ_DATE="2000-01-01 01:01:01" RELQ_ID="Q860315" RELQ_USERID="U479355" RELQ_USERNAME="U479355">
<RelQSubject>Маска за косата с газ. Въпроси!!!</RelQSubject>
<RelQBody>Здравейте на всички имам няколко въпроса относно маска за коса с газ. Аз съм от гр.Варна и се чудя от къде мога да си купя газ. Четох в много теми, че тази маска не е подходяща за жени, които са изрусени. Аз обаче съм на кичури руси, направих си ги за да не ме дразни като пада боята на косата. Ако си направя тази маска дали ще се увреди кичурите, които са ми руси или не? И искам да попитам също така как са пропорциите на този вид маска. Като цяло ще съм Ви много благодарна да споделите вашия опит с подобни маски с газ. Искам да я ползвам главно за възстановяване и растеж. Благодаря предварително за отговорите  :bouquet:</RelQBody>
</RelQuestion>
<RelComment RELC_DATE="2000-01-01 01:01:01" RELC_ID="Q860315_C1" RELC_RELEVANCE2RELQ="Good" RELC_USERID="U499003" RELC_USERNAME="U499003">
<RelCText>Привет! <br/><br/>За русото не мога да дам съвет. <br/><br/>Газ за осветление се купува от железариите или строителните хипермаркети ( всъщност и в Кауфланд съм виждала)<br/>Правех маската в свободно съотношение мас-газ-оцет, не помня пропорции. Поне 2-3 часа стойте с увит найлон на главата и отгоре стара хавлия - все нещо ще се омаже, възможно е от топлината да се разтече по врата цялата прелест  :lol:, ако сте сложили повечко материал. <br/><br/>Съвет от мен - когато стане време за миене на косата, изплакнете я първо с вода и оцет в едно канче - оцетът ще помогне да се отмие мазнината, после вече с шампоан. <br/><br/>Някои коси задържат миризми и уханието на газ се носи като облак дни след отмиването, някои при намокряне започват да миришат - представете си да завали внезапно дъжд, да ви намокри хубавичко преди работа  :lol: Затова най-добре пробвайте тогава, когато поне ден-два след това нямате някакви важни ангажименти. Някои коси като моята не задържат такива аромати.  <br/> Дано съм била полезна  :bouquet:<br/></RelCText>
</RelComment>
<RelComment RELC_DATE="2000-01-01 01:01:01" RELC_ID="Q860315_C2" RELC_RELEVANCE2RELQ="Bad" RELC_USERID="U479355" RELC_USERNAME="U479355">
<RelCText>Да много благодаря за бързия отговор. Искам да Ви попитам какви бяха резултатите при Вас и след колко време започнаха да проличават? newsm78 Питам, защото имам огромно желание да я възстановя, тъй като около 4 год. се боядисвах, но вече твърдо съм решила никакви бои на главата ми  :35: Искам си моя цвят, моята косата, възстановена и да започва да расте ....  newsm78 тъй като след 2 год ме чака сватбата ми и искам косата ми да е поне до кръста някъде, сега е на пластове и някъде малко над плешките.... :crazyeyes:</RelCText>
</RelComment>
<RelComment RELC_DATE="2000-01-01 01:01:01" RELC_ID="Q860315_C3" RELC_RELEVANCE2RELQ="Bad" RELC_USERID="U256239" RELC_USERNAME="U256239">
<RelCText>Не мога да си обясня при такова разнообразие от маски за коса, защо трябва да ползваш този неприятен метод? Аз знам, че газта се слага при въшки. </RelCText>
</RelComment>
<RelComment RELC_DATE="2000-01-01 01:01:01" RELC_ID="Q860315_C4" RELC_RELEVANCE2RELQ="Bad" RELC_USERID="U409491" RELC_USERNAME="U409491">
<RelCText>Аз си спомням, че също против въшки са ни мазали с такава "маска". Въобще не трябва да е свободно съотношението, особено ако няма въшки за трепане, пък и заради русото, повече от 1 лъжица газ не слагай. На мен като дете майка ми ми беше изгорила кожата на главата и врата с тази маска, защото беше прекалила с газта. </RelCText>
</RelComment>
<RelComment RELC_DATE="2000-01-01 01:01:01" RELC_ID="Q860315_C5" RELC_RELEVANCE2RELQ="Bad" RELC_USERID="U479355" RELC_USERNAME="U479355">
<RelCText>Аз въшки не съм имала, обаче мама ми правеше тази маска и косата ми беше уникална: дълга, гъста, с блясък, без цъфтежи, здрава ...  :bouquet: За това искам пак да си я направя, но съм забравила какви бяха съотношенията. И ми беше любопитно дали някоя от вас има сегашен опит с подобна маска, и разбира се какви са резултатите :)</RelCText>
</RelComment>
</Thread>
<Thread THREAD_SEQUENCE="Q861348">
<RelQuestion RELQ_CATEGORY="Готварски рецепти" RELQ_DATE="2000-01-01 01:01:01" RELQ_ID="Q861348" RELQ_USERID="U67628" RELQ_USERNAME="U67628">
<RelQSubject>Въпрос за макароните на фурна</RelQSubject>
<RelQBody> Здравейте кулинари. Като правя макарони на фурна и все ми стават сухи, а отгоре не са запечени с коричка. Как се справя с тези проблеми? <br/> Искам да ми остават по "сочни" и отгоре запечени (леко кафяви). Печа ги на реотан не на вентилатор и на 1 ниво на печката и пак не ми се запичат  newsm78 и отделно ми стават по сухи. Дайте съвети</RelQBody>
</RelQuestion>
<RelComment RELC_DATE="2000-01-01 01:01:01" RELC_ID="Q861348_C1" RELC_RELEVANCE2RELQ="Bad" RELC_USERID="U82089" RELC_USERNAME="U82089">
<RelCText>Ами кажи как ги правиш, да ти кажем къде грешиш. Варят се, после се заливат с прясно мляко, сирене и яйца и се запичат. </RelCText>
</RelComment>
<RelComment RELC_DATE="2000-01-01 01:01:01" RELC_ID="Q861348_C2" RELC_RELEVANCE2RELQ="Bad" RELC_USERID="U43057" RELC_USERNAME="U43057">
<RelCText>Повече течност сложи.</RelCText>
</RelComment>
<RelComment RELC_DATE="2000-01-01 01:01:01" RELC_ID="Q861348_C3" RELC_RELEVANCE2RELQ="Good" RELC_USERID="U15020" RELC_USERNAME="U15020">
<RelCText>Явно съотношението макарони - прясно мляко е в полза на макароните, за да ти станат сухи/твърди. Моята рецепта за макарони на фурна е следната:<br/>1л.прясно мляко<br/>малко по-малко от половината пакет макарони( къси тръбички)<br/>1ч.ч. захар<br/>4 яйца<br/>300гр.сирене<br/>около 60гр. масло<br/>ванилия<br/>Сварявам си макароните по стандартния начин. Изсипвам ги в тавата, в която ще ги пека(обикновено йена). Млякото затоплям леко, докато се разтвори захарта. През това време разбивам яйцата на пяна с миксера. Включвам фурната на 200* да загрява. Добавям ги към леко топлото мляко. Натрошавам сиренето в тавата при макароните. Изливам млечно-яйчената смес при тях. Разбърквам. Отгоре накъсвам маслото на малки парченца и пека.<br/>сега, за печенето зависи от фурната, но ти можеш да си я регулираш. Ако не ти запича отдолу, сложи тавата директно върху дъното на фурната, а ако е отгоре, я вдигни на второ ниво примерно(отгоре надолу).<br/>Успех  :bouquet:</RelCText>
</RelComment>
<RelComment RELC_DATE="2000-01-01 01:01:01" RELC_ID="Q861348_C4" RELC_RELEVANCE2RELQ="Good" RELC_USERID="U67628" RELC_USERNAME="U67628">
<RelCText>аз ги правя така: завира вода в нея слагам 1 лъжичка олио и изсипвам макароните (олио слагам да не се слепват. Варя колкото е указано на плика примерно 5-7 мин. (аз ползвам от тези пликове макарони дето са 0.500) Разбивам 600-700 м. пр. мляко слагам захар (1 и малко ч.ч), яйца разбивам добре слагам в тава при макароните и слагам да пека на второ ниво на фурната. Отгоре слагам масло тук там и към края на печенето поръсвам с малко захар (ако се сетя). <br/> По -скоро си мисля, че ги пека повече от колкото трябва и за това да стават сухи.  newsm78</RelCText>
</RelComment>
<RelComment RELC_DATE="2000-01-01 01:01:01" RELC_ID="Q861348_C5" RELC_RELEVANCE2RELQ="Bad" RELC_USERID="U82089" RELC_USERNAME="U82089">
<RelCText>[quote author=gfrty link=topic=861348.msg31296334#msg31296334 date=1438083688]<br/>аз ги правя така: завира вода в нея слагам 1 лъжичка олио и изсипвам макароните (олио слагам да не се слепват. Варя колкото е указано на плика примерно 5-7 мин. (аз ползвам от тези пликове макарони дето са 0.500) Разбивам 600-700 м. пр. мляко слагам захар (1 и малко ч.ч), яйца разбивам добре слагам в тава при макароните и слагам да пека на второ ниво на фурната. Отгоре слагам масло тук там и към края на печенето поръсвам с малко захар (ако се сетя). <br/> По -скоро си мисля, че ги пека повече от колкото трябва и за това да стават сухи.  newsm78<br/>[/quote]<br/><br/>Макароните, са много, млякото е малко, и винаги варя повече. Не ги ли опитваш? Макарон е готов, като го метнеш на стената, да се залепи. Млякото и яйцата се разбиват заедно. Захар не слагаме ние, ядем ги солени. <br/><br/>Като заври водата ги я посоли. Сложи половината макарони и ги разбъркай, да не слепват, после пак. Като са готови им сложи маслото и изсипи в тавичка. Разбий млякото и яйцата, сирене и ги залей. Добави и захар като искаш, но пак в самото мляко.   Печи на 220 градуса, 2 реотана до зачервяване.  :peace:  :chef:</RelCText>
</RelComment>
</Thread>
<Thread THREAD_SEQUENCE="Q862239">
<RelQuestion RELQ_CATEGORY="Животни и домашни любимци" RELQ_DATE="2000-01-01 01:01:01" RELQ_ID="Q862239" RELQ_USERID="U1795" RELQ_USERNAME="U1795">
<RelQSubject>Въпрос за разгонен котарак</RelQSubject>
<RelQBody>Случаят какъв е - имам две котки: мъжка и женска. Женската е на две години и половина и кастрирана. Мъжкия е на 9 месеца. Наша е вината, че не проучихме как биха съжителствали двете животинки. Получихме съвети, че не е удачно, но вече си ги имахме.. Момчето ни вече е пораснал котак, тормози принцесата,  маркира, агресивен е, не се гали. Мисля, че самото присъствие на женската го стимулира. Знам, че най-добрия вариант е да се кастрира, но не искам. Не искам, защото според половината от ветеринарите, с които говорихме, е още малък. Други казват, че сега му е времето. Котакът е едра порода, знам, че още има да расте, и то доста. Рано или късно ще легне под ножа, но кога да стане това? Имам няколко желаещи за поколение от него, но в момента е малък да пробва да прави такива неща, нали?Търсих инфо из нета кога ще може, но не намерих нищо конкретно...само че зависи от породата, зависи дали се отглежда вътре и т.н. Моля, дайте ми някакви съвети..<br/>Моля, не ме критикувайте за това, че не съм проучила предварително как стоят нещата.... достатъчно мен самата ме е яд, че се вкарах в този филм....</RelQBody>
</RelQuestion>
<RelComment RELC_DATE="2000-01-01 01:01:01" RELC_ID="Q862239_C1" RELC_RELEVANCE2RELQ="Bad" RELC_USERID="U121299" RELC_USERNAME="U121299">
<RelCText>[quote author=Маши link=topic=862239.msg31326543#msg31326543 date=1438544143]<br/> Имам няколко желаещи за поколение от него, но в момента е малък да пробва да прави такива неща, нали?[/quote]<br/><br/>Хич не се хващай за това. Докато създава поколения, ще създаде и трайни навици за маркиране. После и да го кастрираш, много вероятно да продължи да маркира. <br/><br/>9 месеца е много подходяща възраст за кастриране. Моите бяха на 7-8 месеца. </RelCText>
</RelComment>
<RelComment RELC_DATE="2000-01-01 01:01:01" RELC_ID="Q862239_C2" RELC_RELEVANCE2RELQ="Good" RELC_USERID="U161528" RELC_USERNAME="U161528">
<RelCText>Готов е за кастриране :mrgreen:<br/>Моят също е доста едър(8кг. и е слабичък) на 8-9 месеца беше като го кастрирахме.Не напълня,няма никакви проблеми.Същият котак си е,само дето вече не маркира всяко ъгълче и не се мъчи.Щастлив,глезен,любимец на всички.<br/>За поколение...никога не е сигурно дали наистина ще успееш да задомиш всички котета.По-добре не се захващай.<br/>Най-доброто което можеш да направиш е да кастрираш сега  :peace:<br/>И моят котарак съжителства добре с женска кастрирана котка,само дето при нас котката дойде в последствие.Живял е временно и с друг голям мъжки-първи приятелчета бяха :mrgreen:</RelCText>
</RelComment>
<RelComment RELC_DATE="2000-01-01 01:01:01" RELC_ID="Q862239_C3" RELC_RELEVANCE2RELQ="Bad" RELC_USERID="U1795" RELC_USERNAME="U1795">
<RelCText>Ясно е, че ще бъде кастриран, но ми се искаше да порасне още малко, виждам го, че още има да расте...Знам, че има хапчетата, които няма да му давам, чувала съм и за ваксина, която сигурна е същата като хапчетата...както и да е, ще се консултирам с още няколко ветеринарни лекари и ще реша. То така си е и редно, а не да пиша по форумите, но се надявах на алтернативни мнения<br/>  :bouquet:</RelCText>
</RelComment>
<RelComment RELC_DATE="2000-01-01 01:01:01" RELC_ID="Q862239_C4" RELC_RELEVANCE2RELQ="Bad" RELC_USERID="U121299" RELC_USERNAME="U121299">
<RelCText>Отдавна е доказано, че при женските хапчетата и инжекциите против разгонване водят до ракови образувания на млечните жлези и до кисти в матката. Предполагам, че и при мъжките имат подобни въздействия. При женските разгонването продължава броени дни и затова "помагат" медикаментите. Мъжките са винаги разгонени. Някак не върви месеци наред да им се дават отрови.  <br/><br/>Не мисля, че кастрирането ще попречи на растежа, но ти си знаеш. Имай предвид, че колкото ветеринари попиташ, толкова различни мнения ще получиш.  ;-) Иначе в Америка практиката е, че от приютите не бива да се взимат некастрирани животни и минават "под ножа" още на 2-3 месечна възраст. Растат си.  ;-)<br/><br/>И не се обвинявай, че си събрала разнополови котки. И само мъжки да беше, пак щеше да маркира от същата възраст. </RelCText>
</RelComment>
<RelComment RELC_DATE="2000-01-01 01:01:01" RELC_ID="Q862239_C5" RELC_RELEVANCE2RELQ="Bad" RELC_USERID="U1795" RELC_USERNAME="U1795">
<RelCText>Много Ви благодаря за отговорите  :bouquet: <br/>Явно така ще трябва да действаме...</RelCText>
</RelComment>
</Thread>
<Thread THREAD_SEQUENCE="Q863291">
<RelQuestion RELQ_CATEGORY="Искам бебе" RELQ_DATE="2000-01-01 01:01:01" RELQ_ID="Q863291" RELQ_USERID="U519275" RELQ_USERNAME="U519275">
<RelQSubject>Въпрос относно евентуална бременност</RelQSubject>
<RelQBody>Здравейте...В четвъртък правихме секс с приятелката ми, но презерватива беше излязъл и не се знае колко време е било така (не съм свършвал в нея).<br/><br/>Та...минаха вече осем дни и корема долу в ниско не спира да я боли, както кръста и гърдите.<br/>Когато го направихме беше в овулация.<br/>Та, има ли някаква вероятност да е бременна без да съм свършил в нея?<br/><br/><br/>Благодаря!</RelQBody>
</RelQuestion>
<RelComment RELC_DATE="2000-01-01 01:01:01" RELC_ID="Q863291_C1" RELC_RELEVANCE2RELQ="Bad" RELC_USERID="U301679" RELC_USERNAME="U301679">
<RelCText>Ами то вероятност винаги има, ама не много голяма. След 5-6 дни да са напраши тест и всичко ще е ясно. А що се отнася до симптомите - ПМС се характеризира със същите, а и внушението е голяма работа,повярвай!</RelCText>
</RelComment>
<RelComment RELC_DATE="2000-01-01 01:01:01" RELC_ID="Q863291_C2" RELC_RELEVANCE2RELQ="Bad" RELC_USERID="U519275" RELC_USERNAME="U519275">
<RelCText>[quote author=bananarama link=topic=863291.msg31361578#msg31361578 date=1439116938]<br/>Ами то вероятност винаги има, ама не много голяма. След 5-6 дни да са напраши тест и всичко ще е ясно. А що се отнася до симптомите - ПМС се характеризира със същите, а и внушението е голяма работа,повярвай!<br/>[/quote]<br/><br/>Привет! Днес е деветият ден от както това се случи и корема все още я боли - постоянна тъпа болка долу в ниско.<br/>Утре би трябвало да й дойде...Ако й дойде има ли вероятност да е бременна или това е абсурд?</RelCText>
</RelComment>
<RelComment RELC_DATE="2000-01-01 01:01:01" RELC_ID="Q863291_C3" RELC_RELEVANCE2RELQ="Good" RELC_USERID="U467568" RELC_USERNAME="U467568">
<RelCText>Не е абсурд.Може да кара и цветна бременност т.е да е бременна , но въпреки всичко да и дойде цикъла макар и по оскъден.За по сигурно нека си пусне кръвен тест в някоя лаборатория -сутрин на гладно -бета ЧХГ .<br/><br/></RelCText>
</RelComment>
<RelComment RELC_DATE="2000-01-01 01:01:01" RELC_ID="Q863291_C4" RELC_RELEVANCE2RELQ="Bad" RELC_USERID="U402891" RELC_USERNAME="U402891">
<RelCText>Мисля, че доста преекспонирате нещата. Цветни бременности, а той дори не е свършвал... Да не говорим, че щом сексът е бил преди няколко дни, а трябва да й идва утре, то овулацията е минала и заминала доста отдавна. <br/>Не се шашкайте толкова, не може да има бременност. Ако все пак й закъснее - да си направи тест. Продължавайте да се предпазвате добре от забременяване  :peace:</RelCText>
</RelComment>
<RelComment RELC_DATE="2000-01-01 01:01:01" RELC_ID="Q863291_C5" RELC_RELEVANCE2RELQ="Bad" RELC_USERID="U301679" RELC_USERNAME="U301679">
<RelCText>[quote author=devbg link=topic=863291.msg31361692#msg31361692 date=1439118955]<br/>[quote author=bananarama link=topic=863291.msg31361578#msg31361578 date=1439116938]<br/>Ами то вероятност винаги има, ама не много голяма. След 5-6 дни да са напраши тест и всичко ще е ясно. А що се отнася до симптомите - ПМС се характеризира със същите, а и внушението е голяма работа,повярвай!<br/>[/quote]<br/><br/>Привет! Днес е деветият ден от както това се случи и корема все още я боли - постоянна тъпа болка долу в ниско.<br/>Утре би трябвало да й дойде...Ако й дойде има ли вероятност да е бременна или това е абсурд?<br/>[/quote]<br/>При мен тази тъпа болка е предвестник на цикъл. </RelCText>
</RelComment>
</Thread>
<Thread THREAD_SEQUENCE="Q864204">
<RelQuestion RELQ_CATEGORY="Бъдещи майки" RELQ_DATE="2000-01-01 01:01:01" RELQ_ID="Q864204" RELQ_USERID="U518390" RELQ_USERNAME="U518390">
<RelQSubject>Въпрос относно почистване с белина и бременност ?!</RelQSubject>
<RelQBody>Здравейте,искам  да попитам нещо.Работя в една аптека,където се почиства ежедневно с белина.Макар,че отваряме прозореца,възможно ли е това по някакъв начин да навреди на бебето ??  :?</RelQBody>
</RelQuestion>
<RelComment RELC_DATE="2000-01-01 01:01:01" RELC_ID="Q864204_C1" RELC_RELEVANCE2RELQ="Bad" RELC_USERID="U216428" RELC_USERNAME="U216428">
<RelCText>Най-много да ти стане лошо от миризмата.</RelCText>
</RelComment>
<RelComment RELC_DATE="2000-01-01 01:01:01" RELC_ID="Q864204_C2" RELC_RELEVANCE2RELQ="Good" RELC_USERID="U424908" RELC_USERNAME="U424908">
<RelCText>Избягвай тези неща. Аз години работих в лаборатория, където се минаваха пипетите с белина след работа....после се чудех защо постоянно ме болеше гърлото...ходех да се тествам за алергии, мислех че съм болна ама да си болен с години не е нормално...накрая се оказа, че като си взема отпуска и след 5-6 дни гърлото ми спираше да ме боли и така разбрах от къде идва тази работата.....изпаренията на белината не са безвредни...те дразнят много лигавицата и с времето стават токсични...в тази аптека не са ли чували за почистващи препарати, какво мият с белина като от едно време.....знай, че първите три месеца когато е органогенезата трабва да си най-внимателна!</RelCText>
</RelComment>
<RelComment RELC_DATE="2000-01-01 01:01:01" RELC_ID="Q864204_C3" RELC_RELEVANCE2RELQ="Bad" RELC_USERID="U518390" RELC_USERNAME="U518390">
<RelCText>Ами аз съм в 20-та г.с.,но все пак ...</RelCText>
</RelComment>
<RelComment RELC_DATE="2000-01-01 01:01:01" RELC_ID="Q864204_C4" RELC_RELEVANCE2RELQ="Bad" RELC_USERID="U517269" RELC_USERNAME="U517269">
<RelCText>Здравейте :) Днеска една приятелка ми каза, че откакто е бременна не барала почистващи препарати и не почиствала и ме посъветва и аз да внимавам. Честно казано много се стреснах, защото до сега не мислех, че чак толкова мога да навредя на бебето. Аз използвам най-обикновени препарати за почистване на печка, за почистване на плочки,ламинат,прозорци и за мебелите ползвам Пронто. Мислите ли, че биха ми навредили. До сега даже не съм се сещала да питам и гинеколожката си. Но не мога нищо да не барам....къщата ми ще заприлича на кочина иначе..... Какво мислите Вие ? :)</RelCText>
</RelComment>
<RelComment RELC_DATE="2000-01-01 01:01:01" RELC_ID="Q864204_C5" RELC_RELEVANCE2RELQ="Bad" RELC_USERID="U424908" RELC_USERNAME="U424908">
<RelCText>Е, това е малко прекалено. Белината е друго нещо, както и ксилола (учудих се че има хора дето ползват тази отрова). Да си изчистиш дома с препарат за под не е страшно. Просто избягвай всичко което има белина в него, като всички препарати против мухъл, тези за отпушване на канали (те имат натриева основа, чиито изпарения са супер вредни). Мий си спокойно, ако искаш само си сложи едни ръкавици!</RelCText>
</RelComment>
</Thread>
<Thread THREAD_SEQUENCE="Q866116">
<RelQuestion RELQ_CATEGORY="Продължаващо образование" RELQ_DATE="2000-01-01 01:01:01" RELQ_ID="Q866116" RELQ_USERID="U371754" RELQ_USERNAME="U371754">
<RelQSubject>Въпрос относно времена на английски език</RelQSubject>
<RelQBody>Здравейте, уж си мислех, че съм ги схванала, но изведнъж с ужас установих, че в главата ми е станала адска каша и не знам кое е правилно. Моля ви да ми кажете и помогнете, защото ще се побъркам вече, хем уча, хем някаква каша.... само моля ви не ми казвайте кое време е и какво значи, че така още по-неясно ми става, колкото и смешно да звучи, само ако можете да ми кажете кое е правилното.<br/><br/>Когато искам да кажа ,,Аз бих го направил'' - [b],, I would do it'' или ,,I would have done it''  трябва да се каже?[/b] <br/><br/>Аз си мислех, че е ,,I would have done it''  но днес една приятелка ми каза, че това значи друго - ,,Аз щях да го направя'' и това ме обърка най-много. Умолявам ви, който разбира английски, нека отдели съвсем мъничко време само да ми посочи кое е правилното от двете, адски ще съм му благодарна!  :pray:  :?</RelQBody>
</RelQuestion>
<RelComment RELC_DATE="2000-01-01 01:01:01" RELC_ID="Q866116_C1" RELC_RELEVANCE2RELQ="Good" RELC_USERID="U92056" RELC_USERNAME="U92056">
<RelCText>[b]I would do it [/b]се отнася за настоящето или бъдещето, но се използва за ситуации, които са нереални или слабовероятни.<br/><br/>[i]I would go to Rome if I could afford it.[/i] (тук смисълът е "Но не мога да си го позволя. Сега") - Бих отишла в Рим.<br/><br/>[b]I would have done it [/b]се отнася за минали ситуации, съответно - неща които няма как да промениш.<br/><br/>[i]I would have gone to Rome if I you had asked me to[/i].  - Щях да отида. (а смисълът тук е "Но ти не ми каза. Тогава.") <br/><br/>Надявам се да е ясно.  :peace:</RelCText>
</RelComment>
<RelComment RELC_DATE="2000-01-01 01:01:01" RELC_ID="Q866116_C2" RELC_RELEVANCE2RELQ="Bad" RELC_USERID="U483334" RELC_USERNAME="U483334">
<RelCText>Първият израз е верен. Правилно е казала приятелката ви.</RelCText>
</RelComment>
<RelComment RELC_DATE="2000-01-01 01:01:01" RELC_ID="Q866116_C3" RELC_RELEVANCE2RELQ="Bad" RELC_USERID="U365644" RELC_USERNAME="U365644">
<RelCText>i would do it...</RelCText>
</RelComment>
<RelComment RELC_DATE="2000-01-01 01:01:01" RELC_ID="Q866116_C4" RELC_RELEVANCE2RELQ="Bad" RELC_USERID="U371754" RELC_USERNAME="U371754">
<RelCText>Ясноо!! Чакайте да си разграфирам въпросите, за да ви е по-лесно да ми отговорите хаха.<br/><br/>1. Значи със сигурност вторият израз- ,I would have done it' се превежда ,, Аз [b]ЩЯХ[/b] да го направя.'' ? И въобще където е [b]would have[/b] си се превежда ,,щях'', а не ,,бих'', нали така?<br/><br/>2. Второто, което ми направи впечатление и искам да ви попитам е, че след като е done и gone, не се ли превежда в този случай ,,Аз щях да съм го направИЛ и отишЪЛ'', или е по-правилно да е ,,направя'' и ,,отида'' ? <br/><br/>3.  И последното- винаги ли, когато формулираме такъв тип изречения- с [b]I would have[/b] глаголът след това трябва да е в минало време- done, gone, made, became, came? А да не е в сегашно, нали? <br/>Тоест, ако искам да кажа ,,Аз нямаше да го убия'' - [b],,I wouldn't have kill / killed him'' [/b]  кое от двете е правилно?<br/><br/>Надявам се да ме разбрахте  :pray:<br/><br/>  </RelCText>
</RelComment>
<RelComment RELC_DATE="2000-01-01 01:01:01" RELC_ID="Q866116_C5" RELC_RELEVANCE2RELQ="Good" RELC_USERID="U92056" RELC_USERNAME="U92056">
<RelCText>1. Да, така е, най-общо казано. [b]Would have done[/b] предполага минало време, но не можеш да превеждаш 1:1 винаги. Зависи от ситуацията, но в общия случай "щях да..." е подходящ превод. <br/><br/>2. Зависи. Може да има и двата варианта. Просто употребата не съвпада изцяло на английски и български.<br/>[b]What's taking you so long? I would have finished it an hour ago[/b]. - Защо се бавиш толкова? Аз щях да съм го свършил преди час.<br/>[b]Would you have helped me if I had asked?[/b] - Щеше ли да ми помогнеш ако бях помолил?<br/><br/>3. [b]Would have done/gone/killed/bought/talked[/b]... - след [b]would have[/b] винаги слагаш третата форма на глагола. След [b]would [/b]само - винаги слагаш основната форма (do/go/kill/buy/talk).</RelCText>
</RelComment>
</Thread>
<Thread THREAD_SEQUENCE="Q867962">
<RelQuestion RELQ_CATEGORY="Хранене с млека за кърмачета, захранване" RELQ_DATE="2000-01-01 01:01:01" RELQ_ID="Q867962" RELQ_USERID="U520936" RELQ_USERNAME="U520936">
<RelQSubject>Въпрос за хранене на дете на 1 годинка и 8 месеца</RelQSubject>
<RelQBody>Здравейте, извинявам се ако съм сбъркал мястото на което публикувам въпроса си. Имаме малко момченце на 1 г и 8 м и бабата непрекъснато го тъпче, днес си идваме от едно гости и на малкия коремчето му стърчи като на бираджия, нахранила го с манджа надробена с хляб, после какво ли още не му е давала и едни малки сиренки ядеше като се прибрахме, 2-рата вече и аз му я взех от ръцете и я махнах и го замотах за да не иска повече, беше приготвила и една ябълка, то хайде ябълката поне е полезна, направо се виждам в ужас. Жена ми не ги разбира тези неща и много много внимание не обръща а е и нейна майка и не и възразява много за разлика от мен  :D Аз ли съм в грешка или е много това ядене, притеснявам се да не му стане нещо, едва ли е полезно да се яде като за световно като се има впредвид, че е на 1 годинка и 8 м. Миналата вечер, му даде да яде 1 чиния с макарони с лютеница от които дори аз бих се нахранил добре, за обяд когато бабата е на работа му взимаме от една кухня в едни ясли и му даваме каквото има за деня с половин филийка хляб и десерта си хапва, винаги целия го изяжда него  :) От толкова тъпкане не можем да му дадем мляко а много си го иска, аз като го видя като балон и ме страх да му дам мляко, вярно вода е но то няма място в коремчето си вече, утре ще и кажа, но дали ще ме послуша е друг въпрос, уж ме слуша, но да видим.</RelQBody>
</RelQuestion>
<RelComment RELC_DATE="2000-01-01 01:01:01" RELC_ID="Q867962_C1" RELC_RELEVANCE2RELQ="Bad" RELC_USERID="U176629" RELC_USERNAME="U176629">
<RelCText>Според мен е доста това.Не е хубаво да се тъпчат малките деца,че им се разширяват коремчетата.</RelCText>
</RelComment>
<RelComment RELC_DATE="2000-01-01 01:01:01" RELC_ID="Q867962_C2" RELC_RELEVANCE2RELQ="Bad" RELC_USERID="U411744" RELC_USERNAME="U411744">
<RelCText>Аз пък си мисля,че на година и 8 месеца детето отлично знае колко да яде.Едва ли би изяло повече от колкото може и му се иска.Обърнете внимание повече на качеството на храната,а количеството ще определи самО. :peace:</RelCText>
</RelComment>
<RelComment RELC_DATE="2000-01-01 01:01:01" RELC_ID="Q867962_C3" RELC_RELEVANCE2RELQ="Bad" RELC_USERID="U127225" RELC_USERNAME="U127225">
<RelCText>С бабата ли живеете? </RelCText>
</RelComment>
<RelComment RELC_DATE="2000-01-01 01:01:01" RELC_ID="Q867962_C4" RELC_RELEVANCE2RELQ="Good" RELC_USERID="U2559" RELC_USERNAME="U2559">
<RelCText>Че то обядът от кухните/яслите е 600 грама, той не ти ли се вижда много  :lol:<br/><br/>На тази възраст това с коремчетата е често срещано и не е задължително да е от преяждане.<br/>А до 3 г. спокойно едно дете, хранено на поискване спокойно може да яде колкото теб. Въпросът е по-скоро във вида на храната, количеството само си регулира само без проблем. Също е важно детето да се храни съзнателно, защото иска, а не да се залисва с телевизия и подобни, за да бъде натъпкано поредното нещо. Но ако е неподходяща може да повишава апетита и да води до пристрастяване.<br/>Например нека яде манджа, колкото иска, но не дробете и не давайте хляб с нея. Филийката може да си я хапне на закуска с масълце и нещо отгоре.<br/>Като се нахрани - става от масата и до следващото хранене не се дават зрънчовци, солетки и др. (ако иска нещо - мляко и плодове).<br/><br/>Явно бабата го гледа, кажете какво искате от нея ясно и точно, защото се вижда, че има разминавания във вижданията ви.<br/><br/>Млякото никога не ограничавайте.<br/></RelCText>
</RelComment>
<RelComment RELC_DATE="2000-01-01 01:01:01" RELC_ID="Q867962_C5" RELC_RELEVANCE2RELQ="Bad" RELC_USERID="U520936" RELC_USERNAME="U520936">
<RelCText>Благодаря ви за отговорите. Той не си изяжда цялата манджичка от яслите, десерта го хапва целия, но манджата не. Да, прави сте за млякото, трябва да си му го даваме независимо от другото. Аз нищо не съм казал против бабата, да е жива и здрава с нея се разбираме повече отколкото тя с дъщеря си, нямаме проблеми, аз като и кажа го прави и тя като ме накара нещо хвърча да го свърша. За това, че м/у храненетата му дава друго и аз не съм съгласен, за плодове и млякото съм супер съгласен с вас и ще споделя с бабата да знае, и аз се уча от нея на някой неща и тя от мен. Отделно живеем от бабата, но сме в кооперация и е в съседната врата до нашата. Значи да не се притеснявам толко много, но все пак ще и кажа да не му дава друго м/у храненетата освен мляко и плодове. Ние се разбираме с бабата както казах, просто исках съвет за храненето, а тя че прекалява прекалява, но ще и кажа и няма да има проблеми.</RelCText>
</RelComment>
</Thread>
<Thread THREAD_SEQUENCE="Q868221">
<RelQuestion RELQ_CATEGORY="Красива мама" RELQ_DATE="2000-01-01 01:01:01" RELQ_ID="Q868221" RELQ_USERID="U492196" RELQ_USERNAME="U492196">
<RelQSubject>Въпрос за гел лак</RelQSubject>
<RelQBody>Здравейте, от доста време искам да си направя ноктопластика , но се въздържах , заради малката. Сега вече смятам, че е дошло времето да си разкрася ноктите . От ноктопластиката се отказах , след като навлязоха гел лаковете. Решила съм да си направя гел лак, но искам да попитам постига ли се този ефект на удебеляване или наслагване на нокътя ( не мога точно да го обясня, но много ми харесва как стои) или просто се слага гел лак за заздравяване на нокътя ? и може ли да ми направят дължината , която искам ? </RelQBody>
</RelQuestion>
<RelComment RELC_DATE="2000-01-01 01:01:01" RELC_ID="Q868221_C1" RELC_RELEVANCE2RELQ="Good" RELC_USERID="U282678" RELC_USERNAME="U282678">
<RelCText>Здравей. Аз също с излизането на гел лаковете преминах към тях. За съжаление,ако ноктите не са естествено здрави,с гел лак не се постига твърдостта и здравината,както с гела.Няма наслояване(съвсем леко уплътняване),защото всеки път се сваля лака до нокът, а и дължината се ограничава до естетствената дължина на нокътя (освен ако не се сложат удължители или не се изгради дължината с гел).</RelCText>
</RelComment>
<RelComment RELC_DATE="2000-01-01 01:01:01" RELC_ID="Q868221_C2" RELC_RELEVANCE2RELQ="Bad" RELC_USERID="U492196" RELC_USERNAME="U492196">
<RelCText>Искам да стоят по-здрави. Днес ми се счупи единия нокът, по принцип имам някъква дължина.Не знам дали ще се получи ефекта, който искам. Това, което искам аз най-вероятно е ноктопластика</RelCText>
</RelComment>
<RelComment RELC_DATE="2000-01-01 01:01:01" RELC_ID="Q868221_C3" RELC_RELEVANCE2RELQ="Good" RELC_USERID="U313523" RELC_USERNAME="U313523">
<RelCText>При гел лака не се получава удебеляване, но ноктите стават много твърди и не се чупят.<br/>Само с гел лак не могат да се удължат ноктите, но тъй като не се чупят лесно бързо израстват.<br/></RelCText>
</RelComment>
<RelComment RELC_DATE="2000-01-01 01:01:01" RELC_ID="Q868221_C4" RELC_RELEVANCE2RELQ="Good" RELC_USERID="U282678" RELC_USERNAME="U282678">
<RelCText>Може да пробваш веднъж с гел лак и да видиш дали е това,което искаш.Ако не чувстваш ноктите достатъчно здрави с него,по всяко време след това можеш да си сложиш гел.</RelCText>
</RelComment>
<RelComment RELC_DATE="2000-01-01 01:01:01" RELC_ID="Q868221_C5" RELC_RELEVANCE2RELQ="Bad" RELC_USERID="U492196" RELC_USERNAME="U492196">
<RelCText>А ако искам да се получи одебеляване да искам изграждане с гел така ли</RelCText>
</RelComment>
</Thread>
<Thread THREAD_SEQUENCE="Q868885">
<RelQuestion RELQ_CATEGORY="Родители, отглеждащи сами децата си" RELQ_DATE="2000-01-01 01:01:01" RELQ_ID="Q868885" RELQ_USERID="U521342" RELQ_USERNAME="U521342">
<RelQSubject>Въпроси от самотни бащи</RelQSubject>
<RelQBody>Здравейте,<br/><br/>казвам се Георги Славов, на 43 години съм и съм самотен баща.<br/><br/>Силно притеснен съм, защото имам чувството, че губя връзката с дъщеря ми, Петя.<br/>Тя е младо лъчезарно момиче, откато е в пубертета трудно се приспособявам към промените в самата нея.<br/>Винаги съм се стремял да бъда близък с нея , да я разбирам и да и помагам с трудностите.<br/>Но не мога да и дам същата подкрепа, която майка и би могла да даде.<br/><br/>Въпроса ми е как да подходя, за да се сближа повече с нея и да я предразположа да споделя женските си проблеми и с мен. Искам да бъда там за нея.</RelQBody>
</RelQuestion>
<RelComment RELC_DATE="2000-01-01 01:01:01" RELC_ID="Q868885_C1" RELC_RELEVANCE2RELQ="Bad" RELC_USERID="U2559" RELC_USERNAME="U2559">
<RelCText>Според мен е невъзможно. <br/>Подобен род отношения м/у родител-дете, независимо от пола, трябва да започнат да се градят от раждането.<br/></RelCText>
</RelComment>
<RelComment RELC_DATE="2000-01-01 01:01:01" RELC_ID="Q868885_C2" RELC_RELEVANCE2RELQ="Good" RELC_USERID="U177785" RELC_USERNAME="U177785">
<RelCText>Женските проблеми няма да ги сподели с теб. Ти трябва да говориш с нея за проблемите и като цяло без да я насилваш да споделя това което не желае. Аз имам син на 16. Със създателя му нямаме връзка от много години. Говорим за всичко което го интересува и за което аз не съм могла да разговарям с родителите си, наркотици, безопасен секс, алкохол, цигари ... . Държа да има презерватив в джобчето и му го осигурявам аз. Не държа да ми споделя всичко, но знае че ако има проблем човекът който ще го разреши съм аз и да потърси първо мен, а не да се забатачва допълнително. Нещата стават с разговори и липса на теми табу.</RelCText>
</RelComment>
<RelComment RELC_DATE="2000-01-01 01:01:01" RELC_ID="Q868885_C3" RELC_RELEVANCE2RELQ="Bad" RELC_USERID="U397412" RELC_USERNAME="U397412">
<RelCText>ехе, много крайно изказване, аз пък имам син, самотен родител съм и се разбираме, нормално е от време на време да има отдръпване, докато порастват си мислят , че ние остаряваме и не разбираме, и за това се отдръпват, но аз се държа с него нормално връщам се от работа и му разказвам някой случки, не да му досадя, просто да провокирам и той да сподели, малко по малко се отпуска, когато се отвори да разказва не го питам да досадя изслушвам го, когато видя, че е нещо тъжен или ядосан питам веднъж, и не настоявам, като му поотмине малко  идва и разказва мислим и така, но всичко пак е индивидуално, всичко трябва да е с мярка, за да не ни "намразят " :), сложно е да се обясни, но това е моето мнение</RelCText>
</RelComment>
<RelComment RELC_DATE="2000-01-01 01:01:01" RELC_ID="Q868885_C4" RELC_RELEVANCE2RELQ="Bad" RELC_USERID="U80" RELC_USERNAME="U80">
<RelCText>[quote author=Георги Славов link=topic=868885.msg31513401#msg31513401 date=1441278538]<br/>Силно притеснен съм, защото имам чувството, че губя връзката с дъщеря ми, Петя.<br/>[color=red]през пубертета това е нормално за всеки родител и всяко дете[/color]<br/>Тя е младо лъчезарно момиче, откато е в пубертета трудно се приспособявам към промените в самата нея.<br/>[color=red]и тя се приспособява трудно към себе си, а ако до сега не си бил до нея - още един нов фактор в живота й, който може да не бъде добре приет<br/>в период, в който търси момчета, а не татковци е[/color]<br/>Винаги съм се стремял да бъда близък с нея , да я разбирам и да и помагам с трудностите.<br/>Но не мога да и дам същата подкрепа, която майка и би могла да даде.<br/>[color=red]разбира се, от теб не се очаква да й дадеш същата подкрепа - все пак майка й е жена, а ти - мъж<br/>но пък можеш да й дадеш такава, каквато майка й не би могла да й даде[/color]<br/><br/>Въпроса ми е как да подходя, за да се сближа повече с нея и да я предразположа да споделя [color=blue]женските си проблеми и с мен[/color]. Искам да бъда там за нея.<br/>[color=red]правиш грешка - не се интересувай точно от "женските й проблеми" - ако усети натиск да споделя такива неща с теб, ще се затвори<br/>по-скоро споделяйте "нещата от живота" - всякакъв тип проблеми[/color]<br/>[/quote]<br/><br/>успех!</RelCText>
</RelComment>
<RelComment RELC_DATE="2000-01-01 01:01:01" RELC_ID="Q868885_C5" RELC_RELEVANCE2RELQ="Bad" RELC_USERID="U521342" RELC_USERNAME="U521342">
<RelCText>Съветвате ме да остана "в сянка" и да очаквам тя да сподели с мен, но в мен има насъбрано притеснение от неясноста какво точно се случва. Нали знаете, че винаги си мислим най-лошото, искам да си помогна, за да мога да съм по-близък с дъщеря си. <br/><br/>Просто се притеснявам, че се случва нещо лошо, което тя не иска да сподели с мен...<br/><br/>Как бих могъл да подходя с разговора?</RelCText>
</RelComment>
</Thread>
<Thread THREAD_SEQUENCE="Q868997">
<RelQuestion RELQ_CATEGORY="Детско здраве" RELQ_DATE="2000-01-01 01:01:01" RELQ_ID="Q868997" RELQ_USERID="U458377" RELQ_USERNAME="U458377">
<RelQSubject>Ваксини на 17-год. възраст - помощ и въпроси</RelQSubject>
<RelQBody>Здравейте! Искам да попитам боли ли поставяне мускулната ваксина (т.е. ТетаДиф) и къде точно се поставя? Също така какво значат отрицателната и положителната проби манту? Наведнъж ли се правят тези две ваксини или в различни посещения при лекаря?  newsm78</RelQBody>
</RelQuestion>
<RelComment RELC_DATE="2000-01-01 01:01:01" RELC_ID="Q868997_C1" RELC_RELEVANCE2RELQ="Good" RELC_USERID="U41367" RELC_USERNAME="U41367">
<RelCText>Тетадиф се бие в ръката горе,не боли.За туберкулозата първо правят проба Манту-драсват ръката,отчитат след еди колко си дни резултата.Според него се решава дали да слагат БЦЖ отново.Пак горе в ръката я слагат и съвсем не боли,защото е вътрекожно<br/>Може и да не се ваксинираш.Това е твое лично решение и избор.БЦЖ то пък от години не се ползва в белите страни</RelCText>
</RelComment>
<RelComment RELC_DATE="2000-01-01 01:01:01" RELC_ID="Q868997_C2" RELC_RELEVANCE2RELQ="Bad" RELC_USERID="U458377" RELC_USERNAME="U458377">
<RelCText>[quote author=&#9829;Elfita&#9829; link=topic=868997.msg31516320#msg31516320 date=1441304512]<br/>Тетадиф се бие в ръката горе,не боли.За <br/><br/>туберкулозата първо правят проба Манту-драсват ръката,отчитат след еди колко си дни резултата.Според него се решава дали да слагат БЦЖ отново.Пак горе в ръката я слагат и съвсем не боли,защото е вътрекожно<br/>Може и да не се ваксинираш.Това е твое лично решение и избор.БЦЖ то пък от години не се ползва в белите страни<br/>[/quote]<br/>Мхм, много се притеснявам.. Къде точно се бие първата спомената и какво представлява това драсване? Мантуто не е ли и то като ваксина? След коя се гледа + или - е пробата? </RelCText>
</RelComment>
<RelComment RELC_DATE="2000-01-01 01:01:01" RELC_ID="Q868997_C3" RELC_RELEVANCE2RELQ="Good" RELC_USERID="U386009" RELC_USERNAME="U386009">
<RelCText>Това са имунизации-прилагат се според т.н. Имунизационен календар приет в нашата страна.<br/>Днес сложиха Тетадиф на моето дете-слага се инжекионно на трицепса.Вече обсъжда с приятелите от фейса-като леко пощипвне било.Спокойно.За мантуто прочети тук-[url=http://www.lekar.bg/2015/04/28/%D0%BC%D0%B0%D0%BD%D1%82%D1%83/]http://www.lekar.bg/2015/04/28/%D0%BC%D0%B0%D0%BD%D1%82%D1%83/[/url]</RelCText>
</RelComment>
<RelComment RELC_DATE="2000-01-01 01:01:01" RELC_ID="Q868997_C4" RELC_RELEVANCE2RELQ="Good" RELC_USERID="U41367" RELC_USERNAME="U41367">
<RelCText>Тетадифът в трицепса,както горе са пояснили<br/>При БЦЖ то /туберкулозната/ има Манту.Мантуто е като проба дали имаш имунитет срещу туберкулозата.Драсват от вътрешната страна на ръката,близо до китката.Обяснила съм доста подробно в първия пост.Ти също трябва да имаш спомени от БЦЖ и Манту,защото ги има и в по-ранна възраст</RelCText>
</RelComment>
<RelComment RELC_DATE="2000-01-01 01:01:01" RELC_ID="Q868997_C5" RELC_RELEVANCE2RELQ="Bad" RELC_USERID="U458377" RELC_USERNAME="U458377">
<RelCText>Много Ви благодаря за помощта! А някакви странични реакции дали има?</RelCText>
</RelComment>
</Thread>
<Thread THREAD_SEQUENCE="Q870089">
<RelQuestion RELQ_CATEGORY="Здравословни проблеми" RELQ_DATE="2000-01-01 01:01:01" RELQ_ID="Q870089" RELQ_USERID="U479712" RELQ_USERNAME="U479712">
<RelQSubject>Въпрос за невробекс ...</RelQSubject>
<RelQBody>Предписаха ми го поради болка в очите, е  и още един куп лекарства , лекаря ми каза да пия 6 на ден 3пъти по 2 ,  а на опаковката пише че се пие по едно на ден  ..... и не знам какво да правя  , питах в аптеката  , тя ми каза -  е щом лекаря ви го е казал така пийте ама ми се струват доста 6 на ден  newsm78</RelQBody>
</RelQuestion>
<RelComment RELC_DATE="2000-01-01 01:01:01" RELC_ID="Q870089_C1" RELC_RELEVANCE2RELQ="Good" RELC_USERID="U182427" RELC_USERNAME="U182427">
<RelCText>В аптеките се предлагат комбинирани продукти с витамини B, които в една капсула съдържат повече витамини B1, 6, 12 около 7-8 Неуробекса. Щом лекар го е предписал, би трябвало да е подходяща доза.</RelCText>
</RelComment>
<RelComment RELC_DATE="2000-01-01 01:01:01" RELC_ID="Q870089_C2" RELC_RELEVANCE2RELQ="Bad" RELC_USERID="U274488" RELC_USERNAME="U274488">
<RelCText>Невробекс и на мен така са изписвали , но поради друго заболяване. Спомням си , че беше три пъти по две </RelCText>
</RelComment>
<RelComment RELC_DATE="2000-01-01 01:01:01" RELC_ID="Q870089_C3" RELC_RELEVANCE2RELQ="Bad" RELC_USERID="U252354" RELC_USERNAME="U252354">
<RelCText>[url=http://apteka.framar.bg/30029234/%D0%BD%D0%B5%D0%B2%D1%80%D0%BE%D0%B1%D0%B5%D0%BA%D1%81-%D0%B0%D0%BA%D1%82%D0%B8%D0%B2-%D1%82%D0%B0%D0%B1%D0%BB-30]http://apteka.framar.bg/30029234/%D0%BD%D0%B5%D0%B2%D1%80%D0%BE%D0%B1%D0%B5%D0%BA%D1%81-%D0%B0%D0%BA%D1%82%D0%B8%D0%B2-%D1%82%D0%B0%D0%B1%D0%BB-30[/url]<br/>[url=http://apteka.framar.bg/30023581/%D0%BD%D0%B5%D1%83%D1%80%D0%BE%D0%B1%D0%B5%D0%BA%D1%81-%D1%82%D0%B0%D0%B1%D0%BB-150]http://apteka.framar.bg/30023581/%D0%BD%D0%B5%D1%83%D1%80%D0%BE%D0%B1%D0%B5%D0%BA%D1%81-%D1%82%D0%B0%D0%B1%D0%BB-150[/url]<br/>Продължавам да се изненадвам колко фармаце[b]Ф[/b]ти не правят разлика.<br/>Едното е "Актив" - първият линк, пие се по 1 дневно.<br/>Другото е чист Неуробекс - втория линк, пие се три пъти по 2 хапченца. :peace:<br/><br/>П.П. Както ти е изписан, е втория.</RelCText>
</RelComment>
<RelComment RELC_DATE="2000-01-01 01:01:01" RELC_ID="Q870089_C4" RELC_RELEVANCE2RELQ="Bad" RELC_USERID="U479712" RELC_USERNAME="U479712">
<RelCText>Ами на мен ми дадоха първия вариант  и днес  изпих 6  :shock: от утре ще карам по едно на ден , явно има доста некадърни хора по аптеките  :naughty:</RelCText>
</RelComment>
<RelComment RELC_DATE="2000-01-01 01:01:01" RELC_ID="Q870089_C5" RELC_RELEVANCE2RELQ="Bad" RELC_USERID="U240056" RELC_USERNAME="U240056">
<RelCText>Какво значи чист неуробекс?И неуробексът,и неуробекс актив са витамин Б комплекс.Разликата е само в тиамина.Няма абсолютно никаква грешка-нито при лекаря,нито при аптекаря.</RelCText>
</RelComment>
</Thread>
<Thread THREAD_SEQUENCE="Q870479">
<RelQuestion RELQ_CATEGORY="Нашият дом" RELQ_DATE="2000-01-01 01:01:01" RELQ_ID="Q870479" RELQ_USERID="U398180" RELQ_USERNAME="U398180">
<RelQSubject>Въпрос за смяна на щрангове за студена вода</RelQSubject>
<RelQBody>Извинявам се, ако въпросът ми е коментиран и преди, но гледам, че в другите теми се навлиза по' в детайли, а мен ме интересуват основни неща, понеже нямам понятие от тях.<br/>Утре ще минават на оглед за евентуална смяна на щранговете за студена вода в десетина апартамента от блока ни (който общо е 5 етажа по 3 апартамента на етаж, плюс 2 мансарди). Ако се реши да се сменят, предстои ли къртене в какъвто и да е мащаб в апартаментите? Купих жилището след ремонт миналата година и в момента нямам нито времето, нито парите, нито желанието, нито изобщо каквато и да е възможност да се занимавам с разбиване на прясно ремонтирана баня.  :tired: Преди да питате откъде минават тръбите, има една шахтичка, към която има отвор на една от стените в банята - като се отвори вратичката, вътре се виждат водомерите и част от тръбите, които отиват нагоре и надолу. При отворена вратичка, размерът на отвора е 38 на 17 сантиметра. Оттам ли се прави подмяната и дали ще им стигне, без да разбиват? </RelQBody>
</RelQuestion>
<RelComment RELC_DATE="2000-01-01 01:01:01" RELC_ID="Q870479_C1" RELC_RELEVANCE2RELQ="Good" RELC_USERID="U2559" RELC_USERNAME="U2559">
<RelCText>Да, през ревизионния отвор се прави, при нас не са разбивали, но нашият е по-голям.<br/>Утре на огледа ще кажат конкретно при вас какво ще трябва, но мисля, че 30/30 беше минимумът.<br/>При всички случаи е добре да го направите, пораженията от наводнения са доста по-големи, а при стари тръби е въпрос на време. Не е нужно да си разбивате банята, просто ще се разшири отвора и ще сложите по-голяма вратичка.</RelCText>
</RelComment>
<RelComment RELC_DATE="2000-01-01 01:01:01" RELC_ID="Q870479_C2" RELC_RELEVANCE2RELQ="Good" RELC_USERID="U432098" RELC_USERNAME="U432098">
<RelCText>Ако фирмата е читава, не би трябвало да ти разбиват нищо. Още повече че може да поискате гаранция за това, да не ви начупят плочките, дупчат или къртят в жилищата. Щранговете може да се подменят и през етаж, зависи от майсторите. Задължително обаче присъствие на място в жилището ти - все пак си е твоето и да си контролираш нещата. Ето ти една стара тема с повече информация - http://www.bg-mamma.com/index.php?topic=409583</RelCText>
</RelComment>
<RelComment RELC_DATE="2000-01-01 01:01:01" RELC_ID="Q870479_C3" RELC_RELEVANCE2RELQ="Bad" RELC_USERID="U2559" RELC_USERNAME="U2559">
<RelCText>А, забравих още нещо. Като режат тръбите хвърчат горещи частици и се набиват в плочките. Съсипаха ни доста. В офиса хем предупредихме, хем пак имаше поражения.<br/>Налепете мокри вестници на отсрещната стена.</RelCText>
</RelComment>
<RelComment RELC_DATE="2000-01-01 01:01:01" RELC_ID="Q870479_C4" RELC_RELEVANCE2RELQ="Bad" RELC_USERID="U218825" RELC_USERNAME="U218825">
<RelCText>А защо само студената вода сменяте. Сложете картон върху плочките. <br/></RelCText>
</RelComment>
<RelComment RELC_DATE="2000-01-01 01:01:01" RELC_ID="Q870479_C5" RELC_RELEVANCE2RELQ="Bad" RELC_USERID="U398180" RELC_USERNAME="U398180">
<RelCText>Нямам идея защо само студената - но е написано изрично на бележката, с която ни уведомяват във входа. Офисът на най-долният етаж имал теч, над него пък правят основен ремонт на жилището... предполагам е свързано с това. Вчера огледах тръбите, доколкото можах, и говорих с бившата собственичка - тя твърди, че са сменили всичко при ремонта в началото на миналата година и тръбите наистина изглеждат да са си PVC или нещо подобно (във всеки случай, не са от старите). Те пък защо са го направили, без другите съседи да си сменят своите, нямам идея.  newsm78 Но дано наистина са сменени и от фирмата не искат нищо повече от мене, защото иначе ми предстоят проблеми, ако откажа да сменям в момента, а наистина нямам възможност да го направя точно сега. <br/>Ама и нашият домоуправител е един комсомолец, все измисля някакви такива инициативи, които изискват времето и парите ти, правят свинщина навсякъде и накрая се муси и настава драма, ако някой откаже да участва. Да не почвам с примерите, че и предният ми апартамент беше в същия блок и вече наизуст го знам това домоуправително семейство.  :tired: Вече не знам кое е по-лошо: такъв, дето не му дреме, или някой от типа на тоя дядо - залудо работи, залудо не стой. След половин година ще му скимне да сменя и за топлата вода, само и само да се намира на работа. <br/><br/>Благодаря на всички отзовали се!  :bouquet: Ако, да не дава Господ, се стигне до разбиване, ще знам за плочките. Но ми е интересно, ако счупят някоя плочка (а това неизбежно ще стане при къртене), после те ли ще ходят да търсят същата и те ли ще ми осигурят майстор, който да върне банята в предишния й вид.  :ooooh:</RelCText>
</RelComment>
</Thread>
<Thread THREAD_SEQUENCE="Q870527">
<RelQuestion RELQ_CATEGORY="Красива мама" RELQ_DATE="2000-01-01 01:01:01" RELQ_ID="Q870527" RELQ_USERID="U521995" RELQ_USERNAME="U521995">
<RelQSubject>Въпрос за Chanel No.5 </RelQSubject>
<RelQBody>Здравейте мами и по-специфично тези от София :) Дъщеря ми има рожден на 16 септември и става на 17 и винаги е искала иконичният парфюм (номер 5) , но до сега е ползвала само фалшификати (знаете , тези от базар Бг , които си) и съм решила идната седмица да си спретнем една екскурзия и да и взема оригиналният парфюм та въпросът ми е , какви са цените за Шанел номер 5 в Прити Зоун и Сефора?За 50 или 100 мл? :) </RelQBody>
</RelQuestion>
<RelComment RELC_DATE="2000-01-01 01:01:01" RELC_ID="Q870527_C1" RELC_RELEVANCE2RELQ="Good" RELC_USERID="U1302" RELC_USERNAME="U1302">
<RelCText>[url=http://www.themall.bg/en/stores/sephora-1.html]Обади им се[/url] и питай. В магазина ще имат най-точна информация. <br/><br/>Ако нямаш как да звъннеш или те е срам да говориш по телефона с продавачки, пиши в темата за [url=http://www.bg-mamma.com/index.php?topic=865251.0;topicrefid=19]MAC и Sephora[/url]. </RelCText>
</RelComment>
<RelComment RELC_DATE="2000-01-01 01:01:01" RELC_ID="Q870527_C2" RELC_RELEVANCE2RELQ="Bad" RELC_USERID="U115239" RELC_USERNAME="U115239">
<RelCText>Аз имам оригинален, но мисля, че е тежък за нея. Той е без пръскало и само една капка на капачката да сложа зад ушите се усеща силно. </RelCText>
</RelComment>
<RelComment RELC_DATE="2000-01-01 01:01:01" RELC_ID="Q870527_C3" RELC_RELEVANCE2RELQ="Bad" RELC_USERID="U391849" RELC_USERNAME="U391849">
<RelCText>Я не постъпвай и ти като дете, така ли лесно се хвърлят стотачки. Не за друго, а защото репликата или ментето [i]наподобява[/i] аромата, но на практика е съвсем различен парфюм. А ако оригиналът не &#1117; хареса? <br/>Да ти е жива и здрава рожденичката, хвани я за ръка и отидете на място да си избере и пробва парфюм.<br/>"&#214; премиер" е по-съвременна версия на петицата, която повечето хора намират за по-"удобна".<br/><br/>"Шанел 5" е любимият ми парфюм и го нося целогодишно в концентрация ЕДП. При мен е основно лимон и сапун, но съм чувала, че при други е "курник" (цитирам дословно).<br/>Попитай и в темата "Парфюмни размисли и страсти" - момичетата там помагат с удоволствие и ще те насочат и за цени, и за всичко.</RelCText>
</RelComment>
<RelComment RELC_DATE="2000-01-01 01:01:01" RELC_ID="Q870527_C4" RELC_RELEVANCE2RELQ="Good" RELC_USERID="U113076" RELC_USERNAME="U113076">
<RelCText>[b]175 лв. струва 50 мл [/b] (EdP версия) в Сефора. Стотицата беше около 243 лв.<br/><br/>Eau Premiere също е прекрасен, малко по-свеж и модерен. Задължително пробвайте и него.<br/>Аз си ги нося и двата през всички сезони. N5 никога не е тежък или неподходящ. Стига разбира се човек да си го харесва :) </RelCText>
</RelComment>
<RelComment RELC_DATE="2000-01-01 01:01:01" RELC_ID="Q870527_C5" RELC_RELEVANCE2RELQ="Bad" RELC_USERID="U76802" RELC_USERNAME="U76802">
<RelCText>Пустата Шанел, голяма вещица е, така и не успявам да разлюбя петицата  :mrgreen:<br/>И премиера, също  :mrgreen:<br/><br/>Номер 5 малко не си го представям върху 17-годишно момиче, но ако на нея й харесва, зарадвай я.<br/><br/>Имам една чуденка, но ме е срам да попитам в парфюмерийната тема :oops:, защото въпросът ми е тооолкова лаишки.<br/><br/>Тъй като не усещам парфюма върху себе си, всеки път се чудя колко пъти и на кои места да го сложа, за да не задушавам околните?<br/><br/></RelCText>
</RelComment>
</Thread>
<Thread THREAD_SEQUENCE="Q873970">
<RelQuestion RELQ_CATEGORY="Искам бебе" RELQ_DATE="2000-01-01 01:01:01" RELQ_ID="Q873970" RELQ_USERID="U483654" RELQ_USERNAME="U483654">
<RelQSubject>Въпрос за Дуфастон ?!? </RelQSubject>
<RelQBody>Здравейте,нямам идея дали пиша в правилния раздел и моля да ме извините,ако темата не е за тук. Проблемът ми е следния. На 12.09 ми дойде МЦ след 42 дни. Приключи на 15.09,а на 21.09 ми дойде отново. Днес ходих на лекар,и докторката каза,че няма нищо притеснително,но ще ми изпише Дуфастон 2 х 1 за 10 дни,за да спрем кървенето. С мъжа ми правим опити за бебче,и въпросът ми е какъв е шанса да забременея след приема на Дуфастон,има ли какво да ме притеснява? Моля ви,ако някоя е имала подобен проблем,или опит с Дуфастона да ми обясни как точно действа в помощ на забременяване,тъй като аз съм невежа в това.  Много ще съм ви благодарна,извинявам се,ако въпросът ми ви се е сторил глупав. Приятна нощ на всички,бъдете здрави :) </RelQBody>
</RelQuestion>
<RelComment RELC_DATE="2000-01-01 01:01:01" RELC_ID="Q873970_C1" RELC_RELEVANCE2RELQ="Good" RELC_USERID="U62515" RELC_USERNAME="U62515">
<RelCText>Ако не греша Дуфастона е прогестеронов препарат. Той няма по никакъв начин да навреди на бремеността, а даже ще подпомогне забременяването и задържането на плода.  :peace:<br/><br/>Направиха ли ти цитонамазка?<br/><br/></RelCText>
</RelComment>
<RelComment RELC_DATE="2000-01-01 01:01:01" RELC_ID="Q873970_C2" RELC_RELEVANCE2RELQ="Good" RELC_USERID="U241858" RELC_USERNAME="U241858">
<RelCText>Приемането на прогестеронов препарат преди овулация ще я потисне и няма да имаш такава. Прогестерон се приема само след средата на цикъла или след доказана овулация.  :peace:<br/>Пък и ми е чудно как на лекарката и се е видяло нормално да ти дойде 6 дни след като ти е свършило....</RelCText>
</RelComment>
<RelComment RELC_DATE="2000-01-01 01:01:01" RELC_ID="Q873970_C3" RELC_RELEVANCE2RELQ="Bad" RELC_USERID="U62515" RELC_USERNAME="U62515">
<RelCText>[quote author=Veseto* link=topic=873970.msg31655181#msg31655181 date=1443127547]<br/>Приемането на прогестеронов препарат преди овулация ще я потисне и няма да имаш такава. Прогестерон се приема само след средата на цикъла или след доказана овулация.  :peace:<br/>[/quote]<br/><br/>Дали лекарката не е видяла, че има вече овулация?  newsm78 Ей тия лекари са големи келемета с това, че не обясняват въобще.  :xarms:</RelCText>
</RelComment>
<RelComment RELC_DATE="2000-01-01 01:01:01" RELC_ID="Q873970_C4" RELC_RELEVANCE2RELQ="Bad" RELC_USERID="U241858" RELC_USERNAME="U241858">
<RelCText>Ами...а това кървене...Много странно обяснение е дала. Аз бих потърсила второ мнение...</RelCText>
</RelComment>
<RelComment RELC_DATE="2000-01-01 01:01:01" RELC_ID="Q873970_C5" RELC_RELEVANCE2RELQ="Bad" RELC_USERID="U62515" RELC_USERNAME="U62515">
<RelCText>[quote author=Veseto* link=topic=873970.msg31655230#msg31655230 date=1443127921]<br/>Ами...а това кървене...Много странно обяснение е дала. Аз бих потърсила второ мнение...<br/>[/quote]<br/><br/>Именно  :peace: Въобще липсва логика на "лечението". А ако момичето отговори, че няма и направена цитонамазка направо ...  :ooooh:</RelCText>
</RelComment>
</Thread>
<Thread THREAD_SEQUENCE="Q874835">
<RelQuestion RELQ_CATEGORY="Нашият дом" RELQ_DATE="2000-01-01 01:01:01" RELQ_ID="Q874835" RELQ_USERID="U250692" RELQ_USERNAME="U250692">
<RelQSubject>Въпроси относно камина Ерато</RelQSubject>
<RelQBody>Моля тези от вас, които имат такава камина да се включат с отговор на няколко въпроса:<br/>1. Запалихте ли вече камините. Първоначално само вечер ли?<br/>2. Какви настройки сте направили?<br/>3. Имате ли някакво ръководство?<br/>4. Какви пелети ползвате?<br/>Предварително благодаря на всички  :lol:</RelQBody>
</RelQuestion>
<RelComment RELC_DATE="2000-01-01 01:01:01" RELC_ID="Q874835_C1" RELC_RELEVANCE2RELQ="Good" RELC_USERID="U440360" RELC_USERNAME="U440360">
<RelCText>Имам Пони9 на Ерато. <br/>Днес я запалих за 2 часа.<br/><br/>Пелетите са български от Разлог, но имаме още 2-3 торби от тях. За тази зима сме поръчали етрополски пелети 2,5 тона.<br/><br/>Засега не сме настройвали нищо. Миналата година бяхме настроили да се включва сутрин в 5:30, после по някое време се изключваше, пак се включваше и т.н., но не помня подробности. <br/><br/>Имам книжка с инструкции. </RelCText>
</RelComment>
<RelComment RELC_DATE="2000-01-01 01:01:01" RELC_ID="Q874835_C2" RELC_RELEVANCE2RELQ="Bad" RELC_USERID="U250692" RELC_USERNAME="U250692">
<RelCText>Благодаря за отговора. Използвали ли сте някакъв екорецим?</RelCText>
</RelComment>
<RelComment RELC_DATE="2000-01-01 01:01:01" RELC_ID="Q874835_C3" RELC_RELEVANCE2RELQ="Bad" RELC_USERID="U440360" RELC_USERNAME="U440360">
<RelCText>[quote author=Майсторката link=topic=874835.msg31680407#msg31680407 date=1443468832]<br/>Благодаря за отговора. Използвали ли сте някакъв [color=red]екорецим[/color]?<br/>[/quote]<br/><br/>Нямам идея какво е това. :shock:</RelCText>
</RelComment>
<RelComment RELC_DATE="2000-01-01 01:01:01" RELC_ID="Q874835_C4" RELC_RELEVANCE2RELQ="Bad" RELC_USERID="U250692" RELC_USERNAME="U250692">
<RelCText>[quote author=Майсторката link=topic=874835.msg31680407#msg31680407 date=1443468832]<br/>Благодаря за отговора. Използвали ли сте някакъв екорецим?<br/>[/quote]<br/>Бухахаха :D ей такива смешки стават, когато пишеш през телефона. Имах предвид ЕКО РЕЖИМ  :hug: <br/>Междудругото вашата камина, когато достигне определена темп спира ли работа?</RelCText>
</RelComment>
<RelComment RELC_DATE="2000-01-01 01:01:01" RELC_ID="Q874835_C5" RELC_RELEVANCE2RELQ="Bad" RELC_USERID="U440360" RELC_USERNAME="U440360">
<RelCText>Първата зима спираше, но после от фирмата, откъдето я купихме, й промениха настройките и сега не спира.<br/>Проблемът със самоизключването бе, че трябва температурата да падне с 2 градуса под зададената, за да се включи. По този начин се получаваха големи температурни амплитуди.</RelCText>
</RelComment>
</Thread>
<Thread THREAD_SEQUENCE="Q879360">
<RelQuestion RELQ_CATEGORY="На пазар" RELQ_DATE="2000-01-01 01:01:01" RELQ_ID="Q879360" RELQ_USERID="U28198" RELQ_USERNAME="U28198">
<RelQSubject>Въпрос за замяна на артикул в магазин ТЕХНОПОЛИС Бургас</RelQSubject>
<RelQBody>Здравейте, <br/>предварително се извинявам, ако не съм пуснала темата в правилния раздел. Търсих подобни теми в търсачката, но не успях да намеря, затова реших да попитам.<br/>Въпросът ми е следният: Преди 3 месеца купих тонколонки за лаптоп от Технополис 2 в Бургас. Колонките са с 2 години гаранция, и предвидливо запазих не само гаранционната карта, но и оригиналната опаковка, в която ги взех, заедно с торбичките и упътването. <br/><br/>От известно време от едната колонка (върху която е копчето за регулиране на звука и за включване/изключване) се чува постоянно статично пращене, много неприятно, като радиостанция със смутен сигнал, и въпреки, че като гледам или слушам нещо звукът не е променен, този шум също се чува и е дразнещо. Утре смятам да отида до Технополис и да поискам да ми ги сменят, или заменят за други на същата цена. Съгласна съм и да доплатя, ако няма точно на същата цена, не искам да ми връщат пари, колонки ми трябват. <br/><br/>Та исках да попитам - някой знае ли дали имам право да искам да ми ги сменят, защото се опасявам да не се заядат и да ме карат да ги оставям там за ремонт, наистина ми трябват, и не ме устройва да чакам 30 дни срок, за да ми кажат после, че нищо не могат да направят (начетох се на ужасни преживявания на потребители из нета).  :oops: :pray:<br/><br/>А нуждата ми от съвет е голяма, понеже ходенето до там е свързано с много други усложнения - време, път, измъкване между други задължения, и искам да знам дали изобщо си струва да се разкарвам утре? <br/><br/>Моля, тези които имат реална информация - от личен опит в подобен случай, или познават някой служител на магазина, да ми кажат как стоят нещата с политиката на магазина, и то точно в този клон, в Бургас, понеже в ЗЗП текста не е много ясен: <br/><br/>Чл. 124. (1) При предявяване на рекламацията на стока потребителят може да претендира за възстановяване на заплатената сума, за заменяне на стоката с друга, съответстваща на договореното, за отбив от цената или за безплатно извършване на ремонт при условията и по реда на чл. 113 и 114<br/></RelQBody>
</RelQuestion>
<RelComment RELC_DATE="2000-01-01 01:01:01" RELC_ID="Q879360_C1" RELC_RELEVANCE2RELQ="Bad" RELC_USERID="U481385" RELC_USERNAME="U481385">
<RelCText>Веднъж закупена от магазин, стоката не подлежи нито на връщане, нито на заменяне, освен ако не говорим за онлайн поръчка. В това съм почти убедена.<br/><br/>Всичко зависи от добрата воля на търговеца, но в конкретния случай, мисля, че шансовете не са на твоя страна. Все пак, говорим за период от 3 месеца (!!!), в който се предполага, че си ползвала колонките. Чак на мен ми идва в повече, че очакваш замяна при тези условия. :shock:</RelCText>
</RelComment>
<RelComment RELC_DATE="2000-01-01 01:01:01" RELC_ID="Q879360_C2" RELC_RELEVANCE2RELQ="Bad" RELC_USERID="U28198" RELC_USERNAME="U28198">
<RelCText>Гаранцията на колонките е две години. <br/>Нищо не очаквам, питам какви са ми опциите, понеже в момента нямам възможност да купувам нови, при положение че са в гаранция, не е нужен сарказъм.</RelCText>
</RelComment>
<RelComment RELC_DATE="2000-01-01 01:01:01" RELC_ID="Q879360_C3" RELC_RELEVANCE2RELQ="Good" RELC_USERID="U3" RELC_USERNAME="U3">
<RelCText>Няма такова нещо да не може да се предяви рекламация в гаранционния срок.<br/>Докато стоката е в гаранционен срок, потребителят има право на рекламация и да изиска ремонт или замяна.<br/><br/>Чл. 108. Всяко несъответствие на потребителската стока с договора за продажба, което се прояви до 6 месеца след доставянето на стоката, се смята, че е съществувало при доставянето й, освен ако се докаже, че липсата на съответствие се дължи на естеството на стоката или на характера на несъответствието.<br/><br/>Чл. 112. (1) При несъответствие на потребителската стока с договора за продажба потребителят има право да предяви рекламация, като поиска от продавача да приведе стоката в съответствие с договора за продажба. В този случай потребителят може да избира между извършване на ремонт на стоката или замяната й с нова, освен ако това е невъзможно или избраният от него начин за обезщетение е непропорционален в сравнение с другия.<br/><br/>Чл. 113. (1) (Нова - ДВ, бр. 18 от 2011 г.) Когато потребителската стока не съответства на договора за продажба, продавачът е длъжен да я приведе в съответствие с договора за продажба.<br/>(2) (Предишна ал. 1 - ДВ, бр. 18 от 2011 г.) Привеждането на потребителската стока в съответствие с договора за продажба трябва да се извърши в рамките на един месец, считано от предявяването на рекламацията от потребителя.<br/>(3) (Предишна ал. 2, изм. - ДВ, бр. 18 от 2011 г.) След изтичането на срока по ал. 2 потребителят има право да развали договора и да му бъде възстановена заплатената сума или да иска намаляване на цената на потребителската стока съгласно чл. 114.<br/>(4) (Предишна ал. 3 - ДВ, бр. 18 от 2011 г.) Привеждането на потребителската стока в съответствие с договора за продажба е безплатно за потребителя. Той не дължи разходи за експедиране на потребителската стока или за материали и труд, свързани с ремонта й, и не трябва да понася значителни неудобства.<br/>(5) (Предишна ал. 4 - ДВ, бр. 18 от 2011 г.) Потребителят може да иска и обезщетение за претърпените вследствие на несъответствието вреди.<br/><br/>Чл. 115. (1) Потребителят може да упражни правото си по този раздел в срок до две години, считано от доставянето на потребителската стока.<br/><br/><br/>За жалост не мога да помогна с информация как реагират в Технополис на рекламации и дали приемат за ремонт или директно заменят дефектиралата стока.</RelCText>
</RelComment>
<RelComment RELC_DATE="2000-01-01 01:01:01" RELC_ID="Q879360_C4" RELC_RELEVANCE2RELQ="Bad" RELC_USERID="U474449" RELC_USERNAME="U474449">
<RelCText>Споделям личен опит с рекламация в Технополис.<br/>Давах закупена от там техника за ремонт, 1,2,3 пъти накрая ми я подмениха с друга естествено по-скъпа. <br/>И аз исках веднага да ми подменят стоката, но отказаха.<br/>Има вариант и аз го правих 2,3 път директно извиках куриер от адрес и изпратих техниката до сервиз, съответно после ми я доставиха на адрес. Не съм ходила до магазина. </RelCText>
</RelComment>
<RelComment RELC_DATE="2000-01-01 01:01:01" RELC_ID="Q879360_C5" RELC_RELEVANCE2RELQ="Bad" RELC_USERID="U297818" RELC_USERNAME="U297818">
<RelCText>Преди няколко дни купихме прахосмукачка от там. Консултантът ни обясни, че нямало малки приставки за почистване и съответно взехме допълнителни. Разопаковайки в къщи се оказа, че си има и към самата прахосмукачка. В магазина обяснихме ситуацията на гише рекламации, дойде управителя и без проблем взехме друга стока. Беше на малко по-висока стойност и си доплатихме разликата. <br/><br/>Друг случай в Сф - не пробваме уреда и чак в къщи разбираме, че има дефект, който е явно още от завода - повреден щепсел. Замениха ни уреда в същия ден с нов.<br/><br/>И в двата магазина реагирата, така че да сме доволни като клиенти. </RelCText>
</RelComment>
</Thread>
<Thread THREAD_SEQUENCE="Q880412">
<RelQuestion RELQ_CATEGORY="Бъдещи майки" RELQ_DATE="2000-01-01 01:01:01" RELQ_ID="Q880412" RELQ_USERID="U524507" RELQ_USERNAME="U524507">
<RelQSubject>Въпрос относно г.с и ехограф</RelQSubject>
<RelQBody>Здравейте,тъй като днес бях на лекар,за да видим дали бебето се развива нормално,притесни ме факта,че ПМ ми беше на 28.08.2015г тоест би трябва да съм в 8г.с,а на ехографа показа 6г.с и 5д,доктора каза,че всичко било нормално,ако има проблем щяло да си проличи в последствие.Менструацията не ми е кой знае колко редовна м/у 25 и 31ден макс и ми е идвало.Случвало ли ви се е и на вас бебчо да изостава по г.с и всичко да е нормално за напред или...Много бих се радвала ако всяка една от вас сподели дали и се е случвало и дали всичко е продължавало нормално или нещата не са завършвали с хепи енд.</RelQBody>
</RelQuestion>
<RelComment RELC_DATE="2000-01-01 01:01:01" RELC_ID="Q880412_C1" RELC_RELEVANCE2RELQ="Good" RELC_USERID="U504651" RELC_USERNAME="U504651">
<RelCText>Ехографският преглед не винаги е толкова точен колкото си мислим и ни се иска да е. Въобще не се притеснявай. На мен през цялата бременност на всеки един от прегледите показваше различни данни, +/- две седмици, смятам, че е в рамките на нормалното, ако разбира се не знаеш с точност деня на зачеването. Пожелавам ти лека бременност  :bouquet:</RelCText>
</RelComment>
<RelComment RELC_DATE="2000-01-01 01:01:01" RELC_ID="Q880412_C2" RELC_RELEVANCE2RELQ="Good" RELC_USERID="U517922" RELC_USERNAME="U517922">
<RelCText>Не се притеснявай наистина, ехографът не е точен. Аз знаех точния ден на забременяването, защото пробвахме само веднъж, и все пак машинката показа бебе, по-голямо с 2 седмици... Пък и при нередовна менструация, не се знае точно кога ти е овулацията. Радвай се на бременноста и не мисли глупости, бебока е добре  :peace:</RelCText>
</RelComment>
<RelComment RELC_DATE="2000-01-01 01:01:01" RELC_ID="Q880412_C3" RELC_RELEVANCE2RELQ="Bad" RELC_USERID="U337308" RELC_USERNAME="U337308">
<RelCText>Мисля, че няма жена, при която ехографът винаги да е показвал абсолютно точни данни на всеки преглед. При мен също беше така (понеже питаш за личен пример), а си имам жива и здрава дъщеричка. Не се притеснявай за това, напълно нормално е. Лека бременност ти желая! :bouquet:</RelCText>
</RelComment>
<RelComment RELC_DATE="2000-01-01 01:01:01" RELC_ID="Q880412_C4" RELC_RELEVANCE2RELQ="Bad" RELC_USERID="U515887" RELC_USERNAME="U515887">
<RelCText> и на мен в началото много ми изоставаше ... ходих на две седмици на преглед (в началото)и все ме изкарваха 1-2 седмици по назад до 12 г.с от тогава си вървим нормално минус някой друг ден така че не се притеснявай <br/>Лека бременност  :hug:</RelCText>
</RelComment>
<RelComment RELC_DATE="2000-01-01 01:01:01" RELC_ID="Q880412_C5" RELC_RELEVANCE2RELQ="Bad" RELC_USERID="U524507" RELC_USERNAME="U524507">
<RelCText>Много ви благодаря от сърце,за положителното отношение и кураж.Дай боже наистина всичко да се развива нормално.Просто ми е първа бременност и наистина се притеснявам повече от необходимото  :hug:</RelCText>
</RelComment>
</Thread>
<Thread THREAD_SEQUENCE="Q881980">
<RelQuestion RELQ_CATEGORY="Висше образование" RELQ_DATE="2000-01-01 01:01:01" RELQ_ID="Q881980" RELQ_USERID="U526270" RELQ_USERNAME="U526270">
<RelQSubject>Въпроси относно живота в София (НБУ,СУ)</RelQSubject>
<RelQBody>Здравейте! Имам няколко въпроса свързани с НБУ, или по-скоро с живота около НБУ. От над година съм се ориентирал към въпросното учебно заведение, обаче сега срещнах някои финансови проблеми и понеже не съм от София това до голяма степен може да ме ограничи. Та въпросите ми са:<br/><br/>1. Има ли потенциална възможност да се издържам с пари от порядъка на 450-500 лева за НБУ? (Става въпрос за издръжка на месец с включена квартира или общежитие, но разбрах, че местата които се отпускат, ако изобщо се отпуснат, за НБУ са нещо от сорта на 30 стаи)<br/>2. Има ли много допълнителни разходи в университета освен семестриалните такси и учебниците?<br/>3. Всички в университета ли са "богаташчета" и дали някой с не много висок финансов капитал би могъл да се впише в средата? Все пак аз отивам най-вече да уча, но и обкръжението оказва голямо влияние.<br/>4. Някой може ли да ми каже приблизителна сума за издръжка в София при два варианта:<br/>- Уча в НБУ и съм на сравнително евтина квартира (не съм достатъчно запознат с цените на квартирите и каква е най-малката сума за която мога да си намеря приемлива квартира).<br/>- Уча в СУ и съм на общежитие.<br/>(става въпрос за ориентировъчни суми за изкарване на месеца)<br/>5. Лесно ли е да си намериш почасова работа в София като студент, например втория семестър, и какви са средните заплащания?<br/><br/>Ще помоля само за компетентни мнения и по възможност от хора, които са или са били в НБУ или СУ, или са имали близки, приятели и пр. във въпросните учебни заведения.<br/>Благодаря!</RelQBody>
</RelQuestion>
<RelComment RELC_DATE="2000-01-01 01:01:01" RELC_ID="Q881980_C1" RELC_RELEVANCE2RELQ="Bad" RELC_USERID="U526270" RELC_USERNAME="U526270">
<RelCText>Много ми е важно наистина, ще помоля за отговор.</RelCText>
</RelComment>
<RelComment RELC_DATE="2000-01-01 01:01:01" RELC_ID="Q881980_C2" RELC_RELEVANCE2RELQ="Good" RELC_USERID="U288871" RELC_USERNAME="U288871">
<RelCText>За НБУ не мога да дам информация. На моя приятелка синът й учи там, но не знам доколко тя поема таксите и доколко той ги покрива от заплата ( работи на смени, 8 часов работен ден). Заплатата му беше доста висока (в ИТ бранша е).<br/>Големият ми син завърши тази година, но не СУ (друг университет в Сф). Беше на общежитие (така и не разбрах колко е точно, но приблизително 35-40 лв/месечно, с включени консумативи, интернетът отделно се плащаше). Получаваше по 300-350 лв/месечно от нас и казваше, че това е добре. Някои се оправят и с по-малко. Съквартирантите му работеха и тъй като специалността не позволява много отсъствия от лекции, те караха основно нощни смени.<br/>Малкият ми син е първа година в СУ, работи на 4 часа като работното му време не е фиксирано (когато има възможност през деня, стига да са 4 часа), понякога работи цял ден за сметка на друг.<br/>Парите нето са с около 100 лв повече от цитираната в първия пост сума. <br/>Беше приет на общежитие, но се отказа и е на квартира. Засега парите му стигат и отказва всякакви финансови подаръци от нас.  :)<br/>Дано се включат и други с по-точни сведения.  :)<br/>Успех!</RelCText>
</RelComment>
<RelComment RELC_DATE="2000-01-01 01:01:01" RELC_ID="Q881980_C3" RELC_RELEVANCE2RELQ="Bad" RELC_USERID="U526270" RELC_USERNAME="U526270">
<RelCText>Благодаря ти за изчерпателния отговор. Все пак ще се радвам и на други мнения. :)</RelCText>
</RelComment>
<RelComment RELC_DATE="2000-01-01 01:01:01" RELC_ID="Q881980_C4" RELC_RELEVANCE2RELQ="Good" RELC_USERID="U461869" RELC_USERNAME="U461869">
<RelCText>Аз съм студент, но в УНСС. Стигат ми около 350лв на месец. Но при положение, че живея на общежитие (45-50лв на месец) и си готвя сама. Не ходя по дискотеки и т.н.  :D (Това не от финансова гледна точка, а понеже дискотеките в Студентски град по-скоро приличат на публични домове) Разбира се в началото на всеки семестър ще ти трябват повече пари за семестър и учебници (тези разходи вече са различни за всеки университет). Относно НБУ, познавам хора, които учат там и не са с кой знае какви финансови възможности, но теглиха студентски заеми, за да си плащат семестрите. Освен това не посещават университета особено често. Иначе почасови работи, които се сещам: можеш да раздаваш флаери, ако знаеш езици, най-добре ще е да си потърсиш работа в кол център, барман, сервитъор, много магазини за дрехи в мола си търсят хора на 4-5-часов работен ден, като цяло има избор.<br/></RelCText>
</RelComment>
<RelComment RELC_DATE="2000-01-01 01:01:01" RELC_ID="Q881980_C5" RELC_RELEVANCE2RELQ="Bad" RELC_USERID="U526270" RELC_USERNAME="U526270">
<RelCText>Благодаря ти за информацията :)</RelCText>
</RelComment>
</Thread>
<Thread THREAD_SEQUENCE="Q882027">
<RelQuestion RELQ_CATEGORY="Готварски рецепти" RELQ_DATE="2000-01-01 01:01:01" RELQ_ID="Q882027" RELQ_USERID="U268266" RELQ_USERNAME="U268266">
<RelQSubject>Въпрос за приготвяне на мекици</RelQSubject>
<RelQBody>Здравейте, дами! :)<br/><br/>Имам нужда от помощ от тези от вас, които са майсторки на мекичките. Никога не съм приготвяла, но ми е мерак да се науча, защото много обичам. Миналата събота се хванах, направих тесто по рецептата с кисело мляко и сода и ги пържих на другата сутрин. Обаче тестото беше толкова лепкаво, че дори с мноооого намазнени ръце едва успявах да оформя нещичко. На вкус бяха хубави, но голям зор видях при пърженето.<br/>Та, въпросът ми е дали проблемът е бил в самото тесто - прекалено меко, с прекалено малко брашно или нещо друго? Гледах клипчета в ютюб и там примерно разни баби разточваха и изобщо не лепнеше... И да вметна, че по-миналия уикенд пробвах с рецептата с мая (суха), обаче ми станаха по-скоро като бухти. Това ли е идеята на тази рецепта или пак нещо не е било ОК?<br/><br/>Предварително благодаря! :)</RelQBody>
</RelQuestion>
<RelComment RELC_DATE="2000-01-01 01:01:01" RELC_ID="Q882027_C1" RELC_RELEVANCE2RELQ="Good" RELC_USERID="U92812" RELC_USERNAME="U92812">
<RelCText>Обикновено като ми е лепкаво тестото добавям още брашно докато не стане консистенцията, която трябва. Добавям и при разточването, ако лепне. <br/>Друго, което се сещам е да им правиш малка дупка в средата. Така не се надуват толкова и си приличат на мекици, а не на бухти.</RelCText>
</RelComment>
<RelComment RELC_DATE="2000-01-01 01:01:01" RELC_ID="Q882027_C2" RELC_RELEVANCE2RELQ="Good" RELC_USERID="U82089" RELC_USERNAME="U82089">
<RelCText>Рецептата с кисело мляко, яйца и сода е за след 30 мин. пържене. Преседяло е, превтасало е, затова е лепнело, което се оправя с малко премесване с брашно. Ако ще приготвяш тестото от вечерта прави това с мая. Аз слагам малко олио, така стават по-мекички и повече траят.  :bouquet: :chef: Същото става за пици, милинки и подобни. </RelCText>
</RelComment>
<RelComment RELC_DATE="2000-01-01 01:01:01" RELC_ID="Q882027_C3" RELC_RELEVANCE2RELQ="Bad" RELC_USERID="U268266" RELC_USERNAME="U268266">
<RelCText>Мерси много за отговорите :) В интерес на истината, в рецептата със сода пишеше, че може да остане цяла нощ, а в тази с маята - пишеше няколко часа, или докато си удвои обема. Ще се пробвам тогава първо да не стои цяла нощ и, ако пак нещо ми лепне, с повечко брашно.  :chef:<br/>По принцип хич ме няма с теста и месене, мама едно време много-много не се занимаваше, сега и да я питам, едва ли ще й се занимава и общо взето, няма кой да ми покаже тънкостите.</RelCText>
</RelComment>
<RelComment RELC_DATE="2000-01-01 01:01:01" RELC_ID="Q882027_C4" RELC_RELEVANCE2RELQ="Bad" RELC_USERID="U82089" RELC_USERNAME="U82089">
<RelCText>[quote author=ger4eger4e link=topic=882027.msg31899937#msg31899937 date=1446287708]<br/>Мерси много за отговорите :) В интерес на истината, в рецептата със сода пишеше, че може да остане цяла нощ, а в тази с маята - пишеше няколко часа, или докато си удвои обема. Ще се пробвам тогава първо да не стои цяла нощ и, ако пак нещо ми лепне, с повечко брашно.  :chef:<br/>По принцип хич ме няма с теста и месене, мама едно време много-много не се занимаваше, сега и да я питам, едва ли ще й се занимава и общо взето, няма кой да ми покаже тънкостите.<br/>[/quote]<br/><br/>Содени мекици правим, винаги когато нямаме от другото, което иска повече втасване. Дори и да седи и да не се развали, то се слага в намазнен съд да не ти лепне като се надуе. Никога не сме оставяли содено толкова, че да го знам какво става, но с мая ни е превтасвало и лепкавицата е голяма. Като го месиш, трябва да не лепне вече почти, но не и да е твърдо. Затова по рецептите пише средно меко тесто. Няма трудно нищо, просто след първите няколко пъти, сама се си усетиш колко да е твърдо. </RelCText>
</RelComment>
<RelComment RELC_DATE="2000-01-01 01:01:01" RELC_ID="Q882027_C5" RELC_RELEVANCE2RELQ="Bad" RELC_USERID="U268266" RELC_USERNAME="U268266">
<RelCText>Дам, вероятно ще пробвам още няколко пъти, докато се получи.. е, дано все пак накрая му хвана цаката :) adelinda, а колко най-дълго сте го оставяли? </RelCText>
</RelComment>
</Thread>
<Thread THREAD_SEQUENCE="Q882398">
<RelQuestion RELQ_CATEGORY="Осиновени" RELQ_DATE="2000-01-01 01:01:01" RELQ_ID="Q882398" RELQ_USERID="U526419" RELQ_USERNAME="U526419">
<RelQSubject>Въпроси без отговор?</RelQSubject>
<RelQBody>Здравейте, от много време чета форума като гост и мненията ви винаги са били много полезни за мен. Та сега, след като разбрах, че съм осиновена, реших да се допитам за някои неясноти до вас. Прочетох доста голяма част от повечето теми в целия раздел за осиновяване и мисля, че те ми докараха тези въпроси :D Първо - на много места срещнах, написан от вас, терминът - първична рана. Допитах се до Гугъл, но все пак не разбрах какво се има предвид? Също така (извинете ме, ако греша) останах с впечатлението, че осиновените се приемат като някакъв вид страдалци или осакатени емоционално хора, това честно казано не го разбирам и ще се радвам някой да ми обясни. Ще ви разкажа накратко, моята история, за да добиете някаква представа. <br/> Аз съм момиче на 23 години и разбрах, че съм осиновена тази година през април месец, съвсем случайно. Хрумна ми от някъде, че никога не съм виждала снимки, на които майка ми е бременна, а имаме вкъщи изключително много мои снимки още от бебе, това доведе до идеята да погледна удостоверението си за раждане по-обстойно и забелязах, че датата на която е издадено е по-късна от обикновено. Та попитах майка ми леко шеговито, жената първо отрече, после се стъписа и си призна. Разговора мина сравнително леко, убедих я, че няма от какво да се притеснява и това не променя нищо за мен. След няколко месеца споделих с нея, че искам да открия биологичните си родители. Този термин никак не ми допада, но ще го използвам поне в този пост. Тя нямаше никакви документи от осиновителното дело, тъй като баща ми ги е изгорил още навремето. Успяхме заедно да издирим информацията, докъде актуална, докъде не (ако някой смята да предприема подобно търсене или просто му е интересно да чуе, смятам, че мога да бъда полезна и бих обяснила). Та...аз не виждам нищо осакатяващо емоциите ми до тук. Аз си имам майка, имах си и баща, който почина преди няколко години, нямам нужда от чужда обич или каквото и да било. Единствената причина да потърся биологичните си родители е от чисто любопитство как изглеждат. Хубав ден от мен :)</RelQBody>
</RelQuestion>
<RelComment RELC_DATE="2000-01-01 01:01:01" RELC_ID="Q882398_C1" RELC_RELEVANCE2RELQ="Bad" RELC_USERID="U526419" RELC_USERNAME="U526419">
<RelCText>Забравих да попитам и дали някой от вас знае, дали в решението по осиновително дело и в самите досиета вътре, пише различна информация за биологичните родители?</RelCText>
</RelComment>
<RelComment RELC_DATE="2000-01-01 01:01:01" RELC_ID="Q882398_C2" RELC_RELEVANCE2RELQ="Good" RELC_USERID="U362482" RELC_USERNAME="U362482">
<RelCText>От решението по делото ще установите имената, дадени при раждането; в повечето случаи бащата е неизвестен, поради което презимето и фамилията на детето са името и презимето на майката. Ако се пази и делото в съда, то следва да има и декларация от майката, че е съгласна детето да бъде осиновено (т.е. поне трите имена и дата и място на раждане на майката). Ако знаете, в кой районен съд е станало осиновяването, търсите  от архива в азбучника за съответната година по име на осиновителите и ще намерите номера на делото. Успех в търсенето!<br/> azmia@abv.bg</RelCText>
</RelComment>
<RelComment RELC_DATE="2000-01-01 01:01:01" RELC_ID="Q882398_C3" RELC_RELEVANCE2RELQ="Bad" RELC_USERID="U526419" RELC_USERNAME="U526419">
<RelCText>Аз вече имам три имена и егн, но все пак не успявам да намеря актуална информация, само стари адреси :(</RelCText>
</RelComment>
<RelComment RELC_DATE="2000-01-01 01:01:01" RELC_ID="Q882398_C4" RELC_RELEVANCE2RELQ="Bad" RELC_USERID="U464261" RELC_USERNAME="U464261">
<RelCText>[quote author=Hairpin link=topic=882398.msg31938693#msg31938693 date=1446811353]<br/>Аз вече имам три имена и егн, но все пак не успявам да намеря актуална информация, само стари адреси :(<br/>[/quote]<br/><br/>Тук опита ли<br/>https://www.facebook.com/TursimSe/?fref=ts</RelCText>
</RelComment>
<RelComment RELC_DATE="2000-01-01 01:01:01" RELC_ID="Q882398_C5" RELC_RELEVANCE2RELQ="Bad" RELC_USERID="U526419" RELC_USERNAME="U526419">
<RelCText>Разгледах, тя със сигурност не е пускала обява там, а аз предпочитам да я срещна очи в очи, не смятам, че би отреагирала или че изобщо чете в такива групи.</RelCText>
</RelComment>
</Thread>
<Thread THREAD_SEQUENCE="Q883581">
<RelQuestion RELQ_CATEGORY="Бизнес, работа, професии" RELQ_DATE="2000-01-01 01:01:01" RELQ_ID="Q883581" RELQ_USERID="U518385" RELQ_USERNAME="U518385">
<RelQSubject>Въпрос за Трудова борса</RelQSubject>
<RelQBody>Здравейте, искам да попитам тук ,за да мога в понеделник да съм подготвена ,така въпроса ми е какви документи ми трябват за регистрация за трудова борса аз знам за -лична карта,трудова книжка,диплома,документ за прекратения ми договор това ли са? А искат ли ми разписка с извлечение от последните ми заплати ?</RelQBody>
</RelQuestion>
<RelComment RELC_DATE="2000-01-01 01:01:01" RELC_ID="Q883581_C1" RELC_RELEVANCE2RELQ="Bad" RELC_USERID="U182427" RELC_USERNAME="U182427">
<RelCText>в трудовата книжка пише каква ти е била заплатата<br/>друго мисля, че не трябва</RelCText>
</RelComment>
<RelComment RELC_DATE="2000-01-01 01:01:01" RELC_ID="Q883581_C2" RELC_RELEVANCE2RELQ="Good" RELC_USERID="U41367" RELC_USERNAME="U41367">
<RelCText>[quote author=Stella_7 link=topic=883581.msg31944874#msg31944874 date=1446895891]<br/>Здравейте, искам да попитам тук ,за да мога в понеделник да съм подготвена ,така въпроса ми е какви документи ми трябват за регистрация за трудова борса аз знам за -лична карта,трудова книжка,диплома,документ за прекратения ми договор това ли са? <br/>[/quote]<br/><br/>Да,това са.Друго не ти трябва.Осигурителния ти доход ще го гледат от базата на НОИ и така ще ти изчислят обезщетението.Не от твоята ТК.Трябва да се регистрираш и в НОИ след това.За там си направи копие на Заповедта за прекратяване на трудовия договор.Носиш им оригинала и копието</RelCText>
</RelComment>
<RelComment RELC_DATE="2000-01-01 01:01:01" RELC_ID="Q883581_C3" RELC_RELEVANCE2RELQ="Bad" RELC_USERID="U518385" RELC_USERNAME="U518385">
<RelCText>Много ви благодаря </RelCText>
</RelComment>
<RelComment RELC_DATE="2000-01-01 01:01:01" RELC_ID="Q883581_C4" RELC_RELEVANCE2RELQ="Bad" RELC_USERID="U518385" RELC_USERNAME="U518385">
<RelCText>Искам да попитам още нещо тъй като съм собственик на не действаща фирма би ли имало проблем да ме одобрят за трудовата борса?</RelCText>
</RelComment>
<RelComment RELC_DATE="2000-01-01 01:01:01" RELC_ID="Q883581_C5" RELC_RELEVANCE2RELQ="Bad" RELC_USERID="U527115" RELC_USERNAME="U527115">
<RelCText>Здравей,наскоро имах "вземане-даване" с борсата.В агенцията ти искат - лична карта,адресна регистрация,уверение за бакалавър или магистър,диплома,трудова книжка.След като си направиш регистрацията там,трябва да отидеш в НОЙ,като там ти искат :<br/> -Трудова книжка;<br/> -лична карта;<br/> -договора за прекратяване на трудовите ти взаимоотношения от последната ти работа;<br/> -адресна регистрация;<br/> -документ от банка,в която имаш открита дебитна карта,за да ти внасят пари по нея.<br/><br/>ко си освободена по взаимно съгласие имаш право на 4 месеца борса по 7,20 на ден,а ако е поради изтичане на договор или съкращение имаш право на 60% от брутното ти възнаграждение ,като ти го смятат от едиколко си месеца назад.И седмица по-късно те викат да си вземеш договора и решението,демек колко пари ще получаваш,като задължително трябва на определената ти дата да ходиш за подпис в бюрото,ако ли не ти прекъсват правата за парите.Луда работа общо взето!</RelCText>
</RelComment>
</Thread>
<Thread THREAD_SEQUENCE="Q885582">
<RelQuestion RELQ_CATEGORY="Бебета (общ)" RELQ_DATE="2000-01-01 01:01:01" RELQ_ID="Q885582" RELQ_USERID="U518679" RELQ_USERNAME="U518679">
<RelQSubject>Бебето ми яде много - въпрос?</RelQSubject>
<RelQBody>Здравейте скъпи мами, <br/>дъщеря ми е на 5 седмици и яде прекалено много ( според мен ) изпива по 210, 220 мл. АМ. Опитвам се да и давам водичка малко,но не иска, когато спря да и давам след като изяде 100, 110 мл. започва да плаче,ядосва се и си отваря устата,опитвам се да я преспя,но неиска. Тя яде по 4-ри пъти на ден,защото спи по много. Това нормално ли е? Какво да правя? Моля ако някой е имал подобни ситуации да сподели. <br/>Благодаря :-)</RelQBody>
</RelQuestion>
<RelComment RELC_DATE="2000-01-01 01:01:01" RELC_ID="Q885582_C1" RELC_RELEVANCE2RELQ="Bad" RELC_USERID="U151159" RELC_USERNAME="U151159">
<RelCText>4 пъти за 12 или 24 часа?<br/>Доста е, ама щом му се яде на бебето...</RelCText>
</RelComment>
<RelComment RELC_DATE="2000-01-01 01:01:01" RELC_ID="Q885582_C2" RELC_RELEVANCE2RELQ="Good" RELC_USERID="U253376" RELC_USERNAME="U253376">
<RelCText>Щом се храни само 4 ри пъти на ден е нормално количествата да са двойни.Нормално се хранят 8 пъти по 110 мл</RelCText>
</RelComment>
<RelComment RELC_DATE="2000-01-01 01:01:01" RELC_ID="Q885582_C3" RELC_RELEVANCE2RELQ="Bad" RELC_USERID="U299629" RELC_USERNAME="U299629">
<RelCText>Възможно ли е да се наяжда прекалено бързо и затова да не усеща ситост?Това се получава при прекалено бързо изтичане на млякото в устата(с вдигнато вертикално нагоре шише)без да се дава възможност на детето да си поеме въздух.Сигнала за ситост се подава чак след поне 20 минути от началото на храненето,и ако се яде по-бавно се изяждат доста по-малки количества храна.Не знам  дали правилно обяснявам,и дали ме разбрахте.Аз не съм хранила от шише никога,но съм виждала доста майки как си хранят децата с вдигнати шишета и как децата буквално не могат да си поемат въздух.</RelCText>
</RelComment>
<RelComment RELC_DATE="2000-01-01 01:01:01" RELC_ID="Q885582_C4" RELC_RELEVANCE2RELQ="Bad" RELC_USERID="U518679" RELC_USERNAME="U518679">
<RelCText>[quote author=Дари- Ана П. М. link=topic=885582.msg32005931#msg32005931 date=1447743636]<br/>4 пъти за 12 или 24 часа?<br/>Доста е, ама щом му се яде на бебето...<br/>[/quote]<br/>за 24 часа.<br/>Иначе аз си го храня с шише така,че само да си дърпа от него.В никакъв случай не го вдигам както питахте. Просто се чудя да не би да е от това,че спи повечко и пропуска хранения и за това да си го наваксва по този начин?</RelCText>
</RelComment>
<RelComment RELC_DATE="2000-01-01 01:01:01" RELC_ID="Q885582_C5" RELC_RELEVANCE2RELQ="Bad" RELC_USERID="U253376" RELC_USERNAME="U253376">
<RelCText>[quote author=yoana890 link=topic=885582.msg32006932#msg32006932 date=1447752194]<br/>Просто се чудя да не би да е от това,че спи повечко и пропуска хранения и за това да си го наваксва по този начин?<br/>[/quote]<br/><br/>Разбира се,че е заради това.Бебе на 5 седмици не се храни 4 ри пъти само.А щом го прави е нормално да си взима двойно</RelCText>
</RelComment>
</Thread>
<Thread THREAD_SEQUENCE="Q886023">
<RelQuestion RELQ_CATEGORY="Бъдещи майки" RELQ_DATE="2000-01-01 01:01:01" RELQ_ID="Q886023" RELQ_USERID="U527914" RELQ_USERNAME="U527914">
<RelQSubject>Въпрос..</RelQSubject>
<RelQBody>Добър вечер на всички! Нова съм във форума и се извинявам предварително, ако има засегната тема по въпроса,който ме тревожи.<br/><br/>Последният ми цикъл беше на 22-ри октомври. Продължи до 28ми октомври. На 31-ви с приятеля ми правихме секс, но той не свърши в мен, а отвън. Това беше един от малкото пъти,в които не използваме презервативи. По принцип цикълът ми винаги идва около 28-ми ден, като често подранява, но почти никога не закъснява. Уви, този месец още не е дошъл, а вече съм на 29-ти ден от първата дата на последния цикъл. Понеже искаме бебенце, но на този етап още не сме готови за него, имам притеснения дали въпросната дата 31-ви не е довела до зачеване, въпреки че по мои изчисления не бях в овулация, а като цяло имах ПМС, но не силно изразено, както обикновено. Доста изчетох за ранни сиптоми на бременност, но определено не се припознах в никой от тях. Днес (29-ти ден) направих тест Sure Check, който изрази ясна една черта. Знам, че има вероятност да ми закъснява, но понеже не е характерно за цикъла ми вече се притеснявам и въпреки отрицателния тест продължават да ме измъчват съмнения. Твърде рано ли направих теста и до колко мога да му вярвам? Пак се извинявам, но съм доста притеснена.</RelQBody>
</RelQuestion>
<RelComment RELC_DATE="2000-01-01 01:01:01" RELC_ID="Q886023_C1" RELC_RELEVANCE2RELQ="Good" RELC_USERID="U333086" RELC_USERNAME="U333086">
<RelCText>Не, навреме си е теста, и щом е отрицателен всичко е ОК, най-вероятно ти закъснява от стрес.</RelCText>
</RelComment>
<RelComment RELC_DATE="2000-01-01 01:01:01" RELC_ID="Q886023_C2" RELC_RELEVANCE2RELQ="Bad" RELC_USERID="U527914" RELC_USERNAME="U527914">
<RelCText>Благодаря за бързия отговор и аз също смятам,че може да ми закъснява от стрес, тъй като имах и други проблеми през този месец. </RelCText>
</RelComment>
<RelComment RELC_DATE="2000-01-01 01:01:01" RELC_ID="Q886023_C3" RELC_RELEVANCE2RELQ="Bad" RELC_USERID="U19046" RELC_USERNAME="U19046">
<RelCText>Днес е 28 ти ден. За какво закъснение говориш.<br/>+/- 3 дни не трябва изобщо да ги смяташ.</RelCText>
</RelComment>
<RelComment RELC_DATE="2000-01-01 01:01:01" RELC_ID="Q886023_C4" RELC_RELEVANCE2RELQ="Bad" RELC_USERID="U527914" RELC_USERNAME="U527914">
<RelCText>29-ти ден е като аз смятам първи ден този, в който е настъпила менструацията,т.е. 22.10.2015.</RelCText>
</RelComment>
<RelComment RELC_DATE="2000-01-01 01:01:01" RELC_ID="Q886023_C5" RELC_RELEVANCE2RELQ="Bad" RELC_USERID="U433700" RELC_USERNAME="U433700">
<RelCText>От внушение и притеснение е, не се измъчвай. </RelCText>
</RelComment>
</Thread>
<Thread THREAD_SEQUENCE="Q886252">
<RelQuestion RELQ_CATEGORY="Детско здраве" RELQ_DATE="2000-01-01 01:01:01" RELQ_ID="Q886252" RELQ_USERID="U449286" RELQ_USERNAME="U449286">
<RelQSubject>Тестове за алергии-въпрос?</RelQSubject>
<RelQBody>Здравейте! Детето ми е с едномесечна вече кашлица, между кихане и кашлица. Водила съм я при трима специалисти, мнението е че в или алергия или неврогенно ( докато спи не кашля грам). Другата седмиц ще й правим тестове за алергии, но се притеснявам защото знам, че детето трябва да в здраво. Лекарката казва че тя е здрава, но тази кашлица я има и дори да в алергична, не е ли пак опасно за тестове? И изобщо, какъв риск крие ако детето се тества болно?</RelQBody>
</RelQuestion>
<RelComment RELC_DATE="2000-01-01 01:01:01" RELC_ID="Q886252_C1" RELC_RELEVANCE2RELQ="Good" RELC_USERID="U333086" RELC_USERNAME="U333086">
<RelCText>Тестовете за алергии са три вида: драскане с игла и накапване/намазване на алергена и следене за реакция, инхалаторни т.е. дава ти се да помириеш нещо и се следи за реакция и кръвни , взема се кръв и се следи там за някакви показатели. Предполага се да се правят, когато не си приемал антихистамини/стероиди от известно време мисля че 10 дни беше) , защото те подтискат реакцията и теста не е особено верен в резултат. Други изисквания няма доколкото знам, пък и не виждам какъв риск да има, какво да му е опасното, дали си здрав или болен все тая. </RelCText>
</RelComment>
<RelComment RELC_DATE="2000-01-01 01:01:01" RELC_ID="Q886252_C2" RELC_RELEVANCE2RELQ="Bad" RELC_USERID="U449286" RELC_USERNAME="U449286">
<RelCText>Благодаря!<br/>Тестът ще е надраскване, с игла. Противоалергични няма да е пила 5 дни. Лекарката определи деня, каза че било достатъчно.  :thinking:<br/>И аз не намирам логика, но може би да е здрава, че имунната система да е по-силна...знам ли. Ама то тази кашлица като не спира, реално няма как да е здрава въобще/докато не разберем дали не е алергия и към какво/.  :peace:</RelCText>
</RelComment>
<RelComment RELC_DATE="2000-01-01 01:01:01" RELC_ID="Q886252_C3" RELC_RELEVANCE2RELQ="Bad" RELC_USERID="U333086" RELC_USERNAME="U333086">
<RelCText>Да, те са обикновено първите, които правят, пет дена принципно са малко, дано отчете правилно.<br/>Мен ми ги правиха и без да съм ги спряла (веднагически получавах реакция) и бяха неточни, това е единствения риск на практика. А иначе алергиите са свръхреакция на имунната система т.е. не че е слаба, напротив, прекалено е силна.</RelCText>
</RelComment>
<RelComment RELC_DATE="2000-01-01 01:01:01" RELC_ID="Q886252_C4" RELC_RELEVANCE2RELQ="Bad" RELC_USERID="U449286" RELC_USERNAME="U449286">
<RelCText>Дали са ти положителен резултат, докато пиеш противоалергични ли? Не би ли трябвало да отчетат фалшиво отрицателен по скоро.  newsm78</RelCText>
</RelComment>
<RelComment RELC_DATE="2000-01-01 01:01:01" RELC_ID="Q886252_C5" RELC_RELEVANCE2RELQ="Bad" RELC_USERID="U333086" RELC_USERNAME="U333086">
<RelCText>Да -фалшив отрицателен беше, накрая се оказа че съм алергична към котарака си, а уж беше отрицателен теста.</RelCText>
</RelComment>
</Thread>
<Thread THREAD_SEQUENCE="Q886274">
<RelQuestion RELQ_CATEGORY="Бъдещи майки" RELQ_DATE="2000-01-01 01:01:01" RELQ_ID="Q886274" RELQ_USERID="U518390" RELQ_USERNAME="U518390">
<RelQSubject>Въпрос за Гинипрал</RelQSubject>
<RelQBody>Здравейте,в 34 седмица съм и мисля да започна да пия Гинипрал,поради чести контракции.Та въпроса ми е ако го започна,трябва ли да спра приема на магнезии и но-шпа ??</RelQBody>
</RelQuestion>
<RelComment RELC_DATE="2000-01-01 01:01:01" RELC_ID="Q886274_C1" RELC_RELEVANCE2RELQ="Bad" RELC_USERID="U161130" RELC_USERNAME="U161130">
<RelCText>Сама ли реши да го приемаш, или...?</RelCText>
</RelComment>
<RelComment RELC_DATE="2000-01-01 01:01:01" RELC_ID="Q886274_C2" RELC_RELEVANCE2RELQ="Good" RELC_USERID="U177778" RELC_USERNAME="U177778">
<RelCText>Не можеш сама да си предпишеш Гинипрал. По колко смяташ да вземаш? Знаеш, ли че той вдига кръвното и можеш да направиш по-голяма беля от това, да родиш в 34-5 седмица? Контракциите ти може да са подготвителни. Запиши си час при АГ-то ти за понеделник или му се обади възможно най-скоро, ако имаш чак толкова много контракции. През уикенда не мърдай от леглото и се пази повече, докато не чуеш компетентно мнение. </RelCText>
</RelComment>
<RelComment RELC_DATE="2000-01-01 01:01:01" RELC_ID="Q886274_C3" RELC_RELEVANCE2RELQ="Bad" RELC_USERID="U62515" RELC_USERNAME="U62515">
<RelCText>Не прави щуротии на своя глава. <br/><br/>Лягай, обуй огромни гащи без ластик /или въобще без тях/ и си пий магнезия. Какъв магнезии пиеш?</RelCText>
</RelComment>
<RelComment RELC_DATE="2000-01-01 01:01:01" RELC_ID="Q886274_C4" RELC_RELEVANCE2RELQ="Good" RELC_USERID="U179454" RELC_USERNAME="U179454">
<RelCText>Гинипрал е сериозно лекарство, аз съм го пила и благодарение на него износих първата си бременност до край, много е ефективен, но има тежки странични ефекти. И се пие САМО по лекарско предписание.</RelCText>
</RelComment>
<RelComment RELC_DATE="2000-01-01 01:01:01" RELC_ID="Q886274_C5" RELC_RELEVANCE2RELQ="Bad" RELC_USERID="U518390" RELC_USERNAME="U518390">
<RelCText>Магнерот.Гинеколога ми каза,ако намеря Гинипрал да вземам 2 пъти на ден по половинка.</RelCText>
</RelComment>
</Thread>
<Thread THREAD_SEQUENCE="Q888540">
<RelQuestion RELQ_CATEGORY="Сдружение 'Настоящи и бъдещи майки'" RELQ_DATE="2000-01-01 01:01:01" RELQ_ID="Q888540" RELQ_USERID="U524507" RELQ_USERNAME="U524507">
<RelQSubject>Въпрос относно работа и майчинство</RelQSubject>
<RelQBody>Здравейте,бих искала да ви попитам,тъй като от 4месеца съм на нова работа и чак този месец като разбрах,че съм бременна ,работодателят веднага ме назначи на трудов договор,но ме осигуряват на 8ч.на 470лв,бих искала да ви попитам мога ли да паралелно с това да ме осигуряват на още едно място,за да взимам по-голямо майчинство и мога ли след два месеца да изляза в болнични,ако не съм преминала 6мес.изпитателен срок.</RelQBody>
</RelQuestion>
<RelComment RELC_DATE="2000-01-01 01:01:01" RELC_ID="Q888540_C1" RELC_RELEVANCE2RELQ="Good" RELC_USERID="U41367" RELC_USERNAME="U41367">
<RelCText>[quote author=Nefertiti91 link=topic=888540.msg32105943#msg32105943 date=1448990407]<br/>бих искала да ви попитам мога ли да паралелно с това да ме осигуряват на още едно място [color=red]да,може да сключиш още един трудов договор на 4 ри часа [/color],за да взимам по-голямо майчинство [color=red]сметките с по-голямото майчинство няма да ти излязат.Ще дадеш повече пари отколкото ще получиш [/color]и мога ли след два месеца да изляза в болнични,ако не съм преминала 6мес.изпитателен срок. [color=red]да,можеш[/color]<br/>[/quote]<br/><br/>Имай предвид,че докато си в болничен няма да си осигурена на заплатата си по трудов договор.А на доста по-ниско,защото базата за болничните ти е 18 м назад</RelCText>
</RelComment>
<RelComment RELC_DATE="2000-01-01 01:01:01" RELC_ID="Q888540_C2" RELC_RELEVANCE2RELQ="Bad" RELC_USERID="U524507" RELC_USERNAME="U524507">
<RelCText>Това ме устройва перфектно,защото на предната ми работа ме осигуряваха на висок доход.<br/>От април 2014 до юли 2015 средно съм осигурявана на 800лв ,август,септември и октомври се водя безработна и сега от ноември ми е пуснат договор на 470лв на новата ми работа</RelCText>
</RelComment>
<RelComment RELC_DATE="2000-01-01 01:01:01" RELC_ID="Q888540_C3" RELC_RELEVANCE2RELQ="Good" RELC_USERID="U41367" RELC_USERNAME="U41367">
<RelCText>Щом имаш хубави осигуровки назад,гледай да излезеш бързо в болничен.Така високите доходите ще ти влизат в базата.Нямаш нужда от допълнително осигуряване</RelCText>
</RelComment>
<RelComment RELC_DATE="2000-01-01 01:01:01" RELC_ID="Q888540_C4" RELC_RELEVANCE2RELQ="Bad" RELC_USERID="U524507" RELC_USERNAME="U524507">
<RelCText>Много ти благодаря,елфита,за бързите отговори :*</RelCText>
</RelComment>
<RelComment RELC_DATE="2000-01-01 01:01:01" RELC_ID="Q888540_C5" RELC_RELEVANCE2RELQ="Bad" RELC_USERID="U524507" RELC_USERNAME="U524507">
<RelCText>Отново имам въпрос ,но да попитам тъй като работодателят ми твърди,че съм пусната на договор,но реално аз не съм го разписала,това възможно ли е?</RelCText>
</RelComment>
</Thread>
<Thread THREAD_SEQUENCE="Q891062">
<RelQuestion RELQ_CATEGORY="Клюкарник" RELQ_DATE="2000-01-01 01:01:01" RELQ_ID="Q891062" RELQ_USERID="U296184" RELQ_USERNAME="U296184">
<RelQSubject>Въпроси относно безплатното саниране</RelQSubject>
<RelQBody>Здравейте. Блокът ни е одобрен за саниране и наскоро мина комисия, която да огледа апартаментите и да питат кой какво желание. Относно подмяната на вертикални и хоризонтални щрангове, ни казаха, че е нужно попълване на декларация, от всеки апартамент. Ние не живеем постоянно в това жилище и днес ми се обади съсед, който ме информира, че при него е оставена декларация, която трябва да отидем да попълним. Някои неща не ми станаха ясни и затова, преди да отида да попълня декларацията( след няколко дни), бих искала да се посъветвам с вас. <br/>Доколкото ми чете съседът по телефона, има точка, която гласи- " Съгласен съм да бъдат подменени всички хоризонтални и вертикални щрангове". Вертикалните щрангове, които минават през тавана и пода, действително са за подмяна, но хоризонталните ни са подменени. Надявам се, правилно мисля, че хоризонталните са тези, които почват от водомера, влизат в стената хоризонтално и свързват всички уреди- казанче, чешма, душ и т.н.?<br/>Не ми е ясно какво да отговоря, като условието гласи- "всички вертикални и хоризонтални", а моите  хоризонтални са подменени? Ако подчертая- "съгласен съм", това значи ли, че съм се съгласила да поменям  и хоризонталните, при положение, че съм ги сменила при ремонта на банята, преди една година? Ако напиша допълнение" само вертикалните", това няма ли да се счете като отказ, защото ми обясниха, че ако един човек не се съгласи, нищо няма да бъде подменяно?<br/>Другото, което не ми е ясно е, ако се наложи някакво разбивани при подмяната, ние само ли трябва да си поемем ремонта след това?<br/>И това, което най-много ме тревожи, е че на повечето съседи, вертикалните щрангове се виждат изцяло, от тавана до пода. Моите са скрити, в една бетонна колона, която си има пластмасова кутия с вратичка, през която ее достъпа до водомерите. Работата е там, че тази колона, не е куха вътре, а в по-голямата си част тръбите са бетонирани( неизвестно защо), като е оставено леко разстояние в бетона, около тръбите, вероятно за да могат да се издърпат, откъм горния или долния апартамент, ако се наложи смяна. Поне така ми обясниха. Знаете ли и други случаи за така бетонирани тръби и възможно ли е дас е издърпат, без да се  налага голямо разбиване? Банята ми е нова и не знам какво да правя...</RelQBody>
</RelQuestion>
<RelComment RELC_DATE="2000-01-01 01:01:01" RELC_ID="Q891062_C1" RELC_RELEVANCE2RELQ="Good" RELC_USERID="U20058" RELC_USERNAME="U20058">
<RelCText>"Комисията" всъщност е била проектантския екип, който е минал да си направи заснемането. Декларациите са необходими, за да може да се предвидят необходимите ремонтни дейности на всеки апартамент индивидуално. Никой няма интерес да подменя вече подменен елемент - било то дограма, тръби или друго - нито програмата има интерес да се харчат излишни пари, нито фирмата-изпълнител. Тези декларации се вземат предвид, когато се прави техническия проект за ремонта, за да се отчете какво и колко е за подмяна. Ако отбележите, че хоризонталните ви щрангове са подменени, а вертикалните не са, ще се подменят само вертикалните. Що се отнася до това дали ще се наложи разбиване, мисля, че никой не може да каже, преди да види точно как е направено. Ако тръбата може да се издърпа от бетона, принципно може да се среже и изтегли, а на нейно място да се напъха новата, тя е гъвкава и не е проблем да се извие малко и да влезе. Предупреждавам - като режат старите тръби, хвърчат искри от флекса и може да прогорят следи в плочките в банята, добре е да облепите всичко  с велпапе примерно.</RelCText>
</RelComment>
<RelComment RELC_DATE="2000-01-01 01:01:01" RELC_ID="Q891062_C2" RELC_RELEVANCE2RELQ="Bad" RELC_USERID="U431500" RELC_USERNAME="U431500">
<RelCText>Хоризонталните щрангове не са тръбите след водомера, а общите тръби в мазето (при нас има и на тавана), които са хоризонтални. <br/>Имаше тема за санирането и там доколкото си спомням бистреха въпроса какво се поема при санирането като ремонти. Доколкото си спомням само части от сградата, които имат отношение към енергийната й ефективност, защото такава е програмата.  Не виждам какво общо имат тръбите към енергийната ефективност. <br/> <br/></RelCText>
</RelComment>
<RelComment RELC_DATE="2000-01-01 01:01:01" RELC_ID="Q891062_C3" RELC_RELEVANCE2RELQ="Bad" RELC_USERID="U296184" RELC_USERNAME="U296184">
<RelCText>Благодаря ви. Не знаех,че под хоризонтални щрангове се имат предвид общите в мазето. Ако е така, значи мога да се съглася, без да пиша нищо допълнително.<br/>И аз си мислех, че безплатното саниране обхваща тези части от сградата, които имат отношение към енергийната ефективност. Сега обаче изчетох някои интервюта с Лиляна Павлова,  в които тя казва, че ако има подписи на абсолютно всички апартаменти, ще се подменят и щранговете. Даже някъде се споменаваше и за обновяване на коридори и стълбища.<br/>Там е работата, че се прави нещо без да има яснота. Ето, изведнъж започват да се разнасят декларации по апартаментите, съглесни ли сте с това, с онова...В нашия блок е пълно с 80 г. страци, които първи са се подписали. Сигурна съм, че повечето от тях едва ли си дават сметка, под какво се подписват. Кое е хоризонтален, вертикален щранг, как точно ще се процедира, малко хора, които не са занимавали с това, са наясно.</RelCText>
</RelComment>
<RelComment RELC_DATE="2000-01-01 01:01:01" RELC_ID="Q891062_C4" RELC_RELEVANCE2RELQ="Good" RELC_USERID="U116200" RELC_USERNAME="U116200">
<RelCText>Има един блог, за който съм чела тук : http://www.momichetataotgrada.com/article/kak-stava-saniraneto-edna-zhilishhna-sgrada-po-proekta-za-energijno-obnovyavane.html#.Vmx1scSnJR8<br/><br/>Човекът е описва целия процес, може би там ще намериш отговори...</RelCText>
</RelComment>
<RelComment RELC_DATE="2000-01-01 01:01:01" RELC_ID="Q891062_C5" RELC_RELEVANCE2RELQ="Bad" RELC_USERID="U84943" RELC_USERNAME="U84943">
<RelCText>Преди 2 -3 год. в нашия блок се организирахме и сменихме хоризонталните и вертикални щрангове. <br/>В баните имаме като описаната от авторката вратичка в колоната и точно от там сменяха тръбите.<br/>Рязаха старите, измъкваха ги и на тяхно място слагаха новите. Нагряваха ги с някакъв уред, те са като пластмасови. <br/>А в кухните тръбите бяха в зазидана колона. Изрязаха дупка в нея, смениха ги и ни оставиха да се оправяме. <br/>18 етажа с дупки в кухните от долу до горе - красота. <br/>Един съсед я замаза с някакъв гипсокартон и отгоре боя. <br/></RelCText>
</RelComment>
</Thread>
</xml>